#-----------------------------------------------------------
# Vivado v2018.1 (64-bit)
# SW Build 2188600 on Wed Apr  4 18:40:38 MDT 2018
# IP Build 2185939 on Wed Apr  4 20:55:05 MDT 2018
# Start of session at: Wed Sep 12 08:05:48 2018
# Process ID: 6844
# Current directory: E:/Desktop/ElevatorControlSystem
# Command line: vivado.exe -gui_launcher_event rodinguilauncherevent11180 E:\Desktop\ElevatorControlSystem\ElevatorControlSystem.xpr
# Log file: E:/Desktop/ElevatorControlSystem/vivado.log
# Journal file: E:/Desktop/ElevatorControlSystem\vivado.jou
#-----------------------------------------------------------
start_gui
open_project E:/Desktop/ElevatorControlSystem/ElevatorControlSystem.xpr
Scanning sources...
Finished scanning sources
INFO: [IP_Flow 19-234] Refreshing IP repositories
INFO: [IP_Flow 19-1704] No user IP repositories specified
INFO: [IP_Flow 19-2313] Loaded Vivado IP repository 'F:/Xilinx/Vivado/2018.1/data/ip'.
open_project: Time (s): cpu = 00:00:33 ; elapsed = 00:00:40 . Memory (MB): peak = 764.621 ; gain = 86.703
open_hw
connect_hw_server
INFO: [Labtools 27-2285] Connecting to hw_server url TCP:localhost:3121
INFO: [Labtools 27-2222] Launching hw_server...
INFO: [Labtools 27-2221] Launch Output:

****** Xilinx hw_server v2018.1
  **** Build date : Apr  4 2018-19:32:53
    ** Copyright 1986-2018 Xilinx, Inc. All Rights Reserved.


connect_hw_server: Time (s): cpu = 00:00:02 ; elapsed = 00:00:07 . Memory (MB): peak = 784.859 ; gain = 1.563
open_hw_target
INFO: [Labtoolstcl 44-466] Opening hw_target localhost:3121/xilinx_tcf/Digilent/210274533711A
open_hw_target: Time (s): cpu = 00:00:07 ; elapsed = 00:00:08 . Memory (MB): peak = 1396.480 ; gain = 611.621
set_property PROGRAM.FILE {E:/Desktop/ElevatorControlSystem/ElevatorControlSystem.runs/impl_1/elevator.bit} [get_hw_devices xc7a100t_0]
current_hw_device [get_hw_devices xc7a100t_0]
refresh_hw_device -update_hw_probes false [lindex [get_hw_devices xc7a100t_0] 0]
INFO: [Labtools 27-1434] Device xc7a100t (JTAG device index = 0) is programmed with a design that has no supported debug core(s) in it.
WARNING: [Labtools 27-3361] The debug hub core was not detected.
Resolution: 
1. Make sure the clock connected to the debug hub (dbg_hub) core is a free running clock and is active.
2. Make sure the BSCAN_SWITCH_USER_MASK device property in Vivado Hardware Manager reflects the user scan chain setting in the design and refresh the device.  To determine the user scan chain setting in the design, open the implemented design and use 'get_property C_USER_SCAN_CHAIN [get_debug_cores dbg_hub]'.
For more details on setting the scan chain property, consult the Vivado Debug and Programming User Guide (UG908).
set_property PROBES.FILE {} [get_hw_devices xc7a100t_0]
set_property FULL_PROBES.FILE {} [get_hw_devices xc7a100t_0]
set_property PROGRAM.FILE {E:/Desktop/ElevatorControlSystem/ElevatorControlSystem.runs/impl_1/elevator.bit} [get_hw_devices xc7a100t_0]
program_hw_devices [get_hw_devices xc7a100t_0]
INFO: [Labtools 27-3164] End of startup status: HIGH
refresh_hw_device [lindex [get_hw_devices xc7a100t_0] 0]
INFO: [Labtools 27-1434] Device xc7a100t (JTAG device index = 0) is programmed with a design that has no supported debug core(s) in it.
WARNING: [Labtools 27-3361] The debug hub core was not detected.
Resolution: 
1. Make sure the clock connected to the debug hub (dbg_hub) core is a free running clock and is active.
2. Make sure the BSCAN_SWITCH_USER_MASK device property in Vivado Hardware Manager reflects the user scan chain setting in the design and refresh the device.  To determine the user scan chain setting in the design, open the implemented design and use 'get_property C_USER_SCAN_CHAIN [get_debug_cores dbg_hub]'.
For more details on setting the scan chain property, consult the Vivado Debug and Programming User Guide (UG908).
close_hw
reset_run synth_1
launch_runs synth_1 -jobs 2
[Wed Sep 12 08:23:20 2018] Launched synth_1...
Run output will be captured here: E:/Desktop/ElevatorControlSystem/ElevatorControlSystem.runs/synth_1/runme.log
launch_runs impl_1 -jobs 2
[Wed Sep 12 08:26:02 2018] Launched impl_1...
Run output will be captured here: E:/Desktop/ElevatorControlSystem/ElevatorControlSystem.runs/impl_1/runme.log
launch_simulation
INFO: [Vivado 12-5682] Launching behavioral simulation in 'E:/Desktop/ElevatorControlSystem/ElevatorControlSystem.sim/sim_1/behav/xsim'
INFO: [SIM-utils-51] Simulation object is 'sim_1'
INFO: [SIM-utils-54] Inspecting design source files for 'run_cuoc_tb' in fileset 'sim_1'...
INFO: [USF-XSim-97] Finding global include files...
INFO: [USF-XSim-100] Fetching design files from 'sources_1'...(this may take a while)...
INFO: [USF-XSim-101] Fetching design files from 'sim_1'...
INFO: [USF-XSim-2] XSim::Compile design
INFO: [USF-XSim-61] Executing 'COMPILE and ANALYZE' step in 'E:/Desktop/ElevatorControlSystem/ElevatorControlSystem.sim/sim_1/behav/xsim'
"xvlog --incr --relax -prj run_cuoc_tb_vlog.prj"
INFO: [VRFC 10-2263] Analyzing Verilog file "E:/Desktop/ElevatorControlSystem/ElevatorControlSystem.srcs/sources_1/new/7seg_decoder.v" into library xil_defaultlib
INFO: [VRFC 10-311] analyzing module SevenSeg_Decoder
INFO: [VRFC 10-2263] Analyzing Verilog file "E:/Desktop/ElevatorControlSystem/ElevatorControlSystem.srcs/sources_1/new/clk_div.v" into library xil_defaultlib
INFO: [VRFC 10-311] analyzing module clk_div
INFO: [VRFC 10-2263] Analyzing Verilog file "E:/Desktop/ElevatorControlSystem/ElevatorControlSystem.srcs/sources_1/new/dynamic_display.v" into library xil_defaultlib
INFO: [VRFC 10-311] analyzing module dynamic_display
INFO: [VRFC 10-2263] Analyzing Verilog file "E:/Desktop/ElevatorControlSystem/ElevatorControlSystem.srcs/sources_1/new/refresh_state.v" into library xil_defaultlib
INFO: [VRFC 10-311] analyzing module refresh_state
INFO: [VRFC 10-2263] Analyzing Verilog file "E:/Desktop/ElevatorControlSystem/ElevatorControlSystem.srcs/sources_1/new/run.v" into library xil_defaultlib
INFO: [VRFC 10-311] analyzing module run
INFO: [VRFC 10-2263] Analyzing Verilog file "E:/Desktop/ElevatorControlSystem/ElevatorControlSystem.srcs/sources_1/new/elevator.v" into library xil_defaultlib
INFO: [VRFC 10-311] analyzing module elevator
INFO: [VRFC 10-2263] Analyzing Verilog file "E:/Desktop/ElevatorControlSystem/ElevatorControlSystem.srcs/sim_1/new/run_cdoc_tb.v" into library xil_defaultlib
INFO: [VRFC 10-311] analyzing module run_cdoc_tb
INFO: [VRFC 10-2263] Analyzing Verilog file "E:/Desktop/ElevatorControlSystem/ElevatorControlSystem.srcs/sim_1/new/run_co_tb.v" into library xil_defaultlib
INFO: [VRFC 10-311] analyzing module run_co_tb
INFO: [VRFC 10-2263] Analyzing Verilog file "E:/Desktop/ElevatorControlSystem/ElevatorControlSystem.srcs/sim_1/new/run_cuoc_tb.v" into library xil_defaultlib
INFO: [VRFC 10-311] analyzing module run_cuoc_tb
run_program: Time (s): cpu = 00:00:00 ; elapsed = 00:00:05 . Memory (MB): peak = 1497.270 ; gain = 0.000
INFO: [USF-XSim-69] 'compile' step finished in '5' seconds
INFO: [USF-XSim-3] XSim::Elaborate design
INFO: [USF-XSim-61] Executing 'ELABORATE' step in 'E:/Desktop/ElevatorControlSystem/ElevatorControlSystem.sim/sim_1/behav/xsim'
Vivado Simulator 2018.1
Copyright 1986-1999, 2001-2017 Xilinx, Inc. All Rights Reserved.
Running: F:/Xilinx/Vivado/2018.1/bin/unwrapped/win64.o/xelab.exe -wto a81ed7cd808548f6b97b8fdc6ef5de07 --incr --debug typical --relax --mt 2 -L xil_defaultlib -L unisims_ver -L unimacro_ver -L secureip --snapshot run_cuoc_tb_behav xil_defaultlib.run_cuoc_tb xil_defaultlib.glbl -log elaborate.log 
Using 2 slave threads.
Starting static elaboration
Completed static elaboration
Starting simulation data flow analysis
Completed simulation data flow analysis
Time Resolution for simulation is 1ps
Compiling module xil_defaultlib.run
Compiling module xil_defaultlib.run_cuoc_tb
Compiling module xil_defaultlib.glbl
Built simulation snapshot run_cuoc_tb_behav
run_program: Time (s): cpu = 00:00:02 ; elapsed = 00:00:21 . Memory (MB): peak = 1497.270 ; gain = 0.000
INFO: [USF-XSim-69] 'elaborate' step finished in '21' seconds
INFO: [USF-XSim-4] XSim::Simulate design
INFO: [USF-XSim-61] Executing 'SIMULATE' step in 'E:/Desktop/ElevatorControlSystem/ElevatorControlSystem.sim/sim_1/behav/xsim'
INFO: [USF-XSim-98] *** Running xsim
   with args "run_cuoc_tb_behav -key {Behavioral:sim_1:Functional:run_cuoc_tb} -tclbatch {run_cuoc_tb.tcl} -log {simulate.log}"
INFO: [USF-XSim-8] Loading simulator feature
Vivado Simulator 2018.1
Time resolution is 1 ps
source run_cuoc_tb.tcl
# set curr_wave [current_wave_config]
# if { [string length $curr_wave] == 0 } {
#   if { [llength [get_objects]] > 0} {
#     add_wave /
#     set_property needs_save false [current_wave_config]
#   } else {
#      send_msg_id Add_Wave-1 WARNING "No top level signals found. Simulator will start without a wave window. If you want to open a wave window go to 'File->New Waveform Configuration' or type 'create_wave_config' in the TCL console."
#   }
# }
# run 1000ns
xsim: Time (s): cpu = 00:00:09 ; elapsed = 00:00:08 . Memory (MB): peak = 1497.270 ; gain = 0.000
INFO: [USF-XSim-96] XSim completed. Design snapshot 'run_cuoc_tb_behav' loaded.
INFO: [USF-XSim-97] XSim simulation ran for 1000ns
launch_simulation: Time (s): cpu = 00:00:13 ; elapsed = 00:00:37 . Memory (MB): peak = 1497.270 ; gain = 0.000
open_run synth_1 -name synth_1
Design is defaulting to impl run constrset: constrs_1
Design is defaulting to synth run part: xc7a100tcsg324-1
INFO: [Netlist 29-17] Analyzing 26 Unisim elements for replacement
INFO: [Netlist 29-28] Unisim Transformation completed in 1 CPU seconds
INFO: [Project 1-479] Netlist was created with Vivado 2018.1
INFO: [Device 21-403] Loading part xc7a100tcsg324-1
INFO: [Project 1-570] Preparing netlist for logic optimization
Parsing XDC File [E:/Desktop/ElevatorControlSystem/ElevatorControlSystem.srcs/constrs_1/new/elaborate.xdc]
Finished Parsing XDC File [E:/Desktop/ElevatorControlSystem/ElevatorControlSystem.srcs/constrs_1/new/elaborate.xdc]
INFO: [Opt 31-138] Pushed 0 inverter(s) to 0 load pin(s).
INFO: [Project 1-111] Unisim Transformation Summary:
No Unisim elements were transformed.

open_run: Time (s): cpu = 00:00:45 ; elapsed = 00:00:39 . Memory (MB): peak = 1900.012 ; gain = 402.742
launch_runs impl_1 -to_step write_bitstream -jobs 2
[Wed Sep 12 08:32:54 2018] Launched impl_1...
Run output will be captured here: E:/Desktop/ElevatorControlSystem/ElevatorControlSystem.runs/impl_1/runme.log
open_hw
connect_hw_server
INFO: [Labtools 27-2285] Connecting to hw_server url TCP:localhost:3121
INFO: [Labtools 27-2222] Launching hw_server...
INFO: [Labtools 27-2221] Launch Output:

****** Xilinx hw_server v2018.1
  **** Build date : Apr  4 2018-19:32:53
    ** Copyright 1986-2018 Xilinx, Inc. All Rights Reserved.


connect_hw_server: Time (s): cpu = 00:00:01 ; elapsed = 00:00:06 . Memory (MB): peak = 2346.680 ; gain = 0.000
open_hw_target
INFO: [Labtoolstcl 44-466] Opening hw_target localhost:3121/xilinx_tcf/Digilent/210274533711A
set_property PROGRAM.FILE {E:/Desktop/ElevatorControlSystem/ElevatorControlSystem.runs/impl_1/elevator.bit} [get_hw_devices xc7a100t_0]
current_hw_device [get_hw_devices xc7a100t_0]
refresh_hw_device -update_hw_probes false [lindex [get_hw_devices xc7a100t_0] 0]
INFO: [Labtools 27-1434] Device xc7a100t (JTAG device index = 0) is programmed with a design that has no supported debug core(s) in it.
WARNING: [Labtools 27-3361] The debug hub core was not detected.
Resolution: 
1. Make sure the clock connected to the debug hub (dbg_hub) core is a free running clock and is active.
2. Make sure the BSCAN_SWITCH_USER_MASK device property in Vivado Hardware Manager reflects the user scan chain setting in the design and refresh the device.  To determine the user scan chain setting in the design, open the implemented design and use 'get_property C_USER_SCAN_CHAIN [get_debug_cores dbg_hub]'.
For more details on setting the scan chain property, consult the Vivado Debug and Programming User Guide (UG908).
set_property PROBES.FILE {} [get_hw_devices xc7a100t_0]
set_property FULL_PROBES.FILE {} [get_hw_devices xc7a100t_0]
set_property PROGRAM.FILE {E:/Desktop/ElevatorControlSystem/ElevatorControlSystem.runs/impl_1/elevator.bit} [get_hw_devices xc7a100t_0]
program_hw_devices [get_hw_devices xc7a100t_0]
INFO: [Labtools 27-3164] End of startup status: HIGH
refresh_hw_device [lindex [get_hw_devices xc7a100t_0] 0]
INFO: [Labtools 27-1434] Device xc7a100t (JTAG device index = 0) is programmed with a design that has no supported debug core(s) in it.
WARNING: [Labtools 27-3361] The debug hub core was not detected.
Resolution: 
1. Make sure the clock connected to the debug hub (dbg_hub) core is a free running clock and is active.
2. Make sure the BSCAN_SWITCH_USER_MASK device property in Vivado Hardware Manager reflects the user scan chain setting in the design and refresh the device.  To determine the user scan chain setting in the design, open the implemented design and use 'get_property C_USER_SCAN_CHAIN [get_debug_cores dbg_hub]'.
For more details on setting the scan chain property, consult the Vivado Debug and Programming User Guide (UG908).
close_hw
reset_run synth_1
WARNING: [Vivado 12-1017] Problems encountered:
1. Failed to delete one or more files in run directory E:/Desktop/ElevatorControlSystem/ElevatorControlSystem.runs/synth_1

launch_runs synth_1 -jobs 2
[Wed Sep 12 09:01:24 2018] Launched synth_1...
Run output will be captured here: E:/Desktop/ElevatorControlSystem/ElevatorControlSystem.runs/synth_1/runme.log
launch_runs impl_1 -jobs 2
WARNING: [Project 1-478] Design 'synth_1' is stale and will not be used when launching 'impl_1'
[Wed Sep 12 09:03:56 2018] Launched impl_1...
Run output will be captured here: E:/Desktop/ElevatorControlSystem/ElevatorControlSystem.runs/impl_1/runme.log
launch_runs impl_1 -to_step write_bitstream -jobs 2
[Wed Sep 12 09:08:48 2018] Launched impl_1...
Run output will be captured here: E:/Desktop/ElevatorControlSystem/ElevatorControlSystem.runs/impl_1/runme.log
open_hw
connect_hw_server
INFO: [Labtools 27-2285] Connecting to hw_server url TCP:localhost:3121
INFO: [Labtools 27-2222] Launching hw_server...
INFO: [Labtools 27-2221] Launch Output:

****** Xilinx hw_server v2018.1
  **** Build date : Apr  4 2018-19:32:53
    ** Copyright 1986-2018 Xilinx, Inc. All Rights Reserved.


open_hw_target
INFO: [Labtoolstcl 44-466] Opening hw_target localhost:3121/xilinx_tcf/Digilent/210274533711A
set_property PROGRAM.FILE {E:/Desktop/ElevatorControlSystem/ElevatorControlSystem.runs/impl_1/elevator.bit} [get_hw_devices xc7a100t_0]
current_hw_device [get_hw_devices xc7a100t_0]
refresh_hw_device -update_hw_probes false [lindex [get_hw_devices xc7a100t_0] 0]
INFO: [Labtools 27-1434] Device xc7a100t (JTAG device index = 0) is programmed with a design that has no supported debug core(s) in it.
WARNING: [Labtools 27-3361] The debug hub core was not detected.
Resolution: 
1. Make sure the clock connected to the debug hub (dbg_hub) core is a free running clock and is active.
2. Make sure the BSCAN_SWITCH_USER_MASK device property in Vivado Hardware Manager reflects the user scan chain setting in the design and refresh the device.  To determine the user scan chain setting in the design, open the implemented design and use 'get_property C_USER_SCAN_CHAIN [get_debug_cores dbg_hub]'.
For more details on setting the scan chain property, consult the Vivado Debug and Programming User Guide (UG908).
ERROR: [Labtoolstcl 44-513] HW Target shutdown. Closing target: localhost:3121/xilinx_tcf/Digilent/210274533711A
INFO: [Labtoolstcl 44-466] Opening hw_target localhost:3121/xilinx_tcf/Digilent/210274533711A
INFO: [Labtools 27-1435] Device xc7a100t (JTAG device index = 0) is not programmed (DONE status = 0).
WARNING: [Labtoolstcl 44-129] No matching hw_ila_data was found.
set_property PROBES.FILE {} [get_hw_devices xc7a100t_0]
set_property FULL_PROBES.FILE {} [get_hw_devices xc7a100t_0]
set_property PROGRAM.FILE {E:/Desktop/ElevatorControlSystem/ElevatorControlSystem.runs/impl_1/elevator.bit} [get_hw_devices xc7a100t_0]
program_hw_devices [get_hw_devices xc7a100t_0]
INFO: [Labtools 27-3164] End of startup status: HIGH
refresh_hw_device [lindex [get_hw_devices xc7a100t_0] 0]
INFO: [Labtools 27-1434] Device xc7a100t (JTAG device index = 0) is programmed with a design that has no supported debug core(s) in it.
WARNING: [Labtools 27-3361] The debug hub core was not detected.
Resolution: 
1. Make sure the clock connected to the debug hub (dbg_hub) core is a free running clock and is active.
2. Make sure the BSCAN_SWITCH_USER_MASK device property in Vivado Hardware Manager reflects the user scan chain setting in the design and refresh the device.  To determine the user scan chain setting in the design, open the implemented design and use 'get_property C_USER_SCAN_CHAIN [get_debug_cores dbg_hub]'.
For more details on setting the scan chain property, consult the Vivado Debug and Programming User Guide (UG908).
ERROR: [Labtoolstcl 44-513] HW Target shutdown. Closing target: localhost:3121/xilinx_tcf/Digilent/210274533711A
INFO: [Labtoolstcl 44-466] Opening hw_target localhost:3121/xilinx_tcf/Digilent/210274533711A
INFO: [Labtools 27-1435] Device xc7a100t (JTAG device index = 0) is not programmed (DONE status = 0).
WARNING: [Labtoolstcl 44-129] No matching hw_ila_data was found.
close_hw
set_property top run_cdoc_tb [get_filesets sim_1]
set_property top_lib xil_defaultlib [get_filesets sim_1]
launch_simulation
INFO: [Vivado 12-5682] Launching behavioral simulation in 'E:/Desktop/ElevatorControlSystem/ElevatorControlSystem.sim/sim_1/behav/xsim'
INFO: [SIM-utils-51] Simulation object is 'sim_1'
INFO: [SIM-utils-54] Inspecting design source files for 'run_cdoc_tb' in fileset 'sim_1'...
INFO: [USF-XSim-97] Finding global include files...
INFO: [USF-XSim-100] Fetching design files from 'sources_1'...(this may take a while)...
INFO: [USF-XSim-101] Fetching design files from 'sim_1'...
INFO: [USF-XSim-2] XSim::Compile design
INFO: [USF-XSim-61] Executing 'COMPILE and ANALYZE' step in 'E:/Desktop/ElevatorControlSystem/ElevatorControlSystem.sim/sim_1/behav/xsim'
"xvlog --incr --relax -prj run_cdoc_tb_vlog.prj"
INFO: [VRFC 10-2263] Analyzing Verilog file "E:/Desktop/ElevatorControlSystem/ElevatorControlSystem.srcs/sources_1/new/7seg_decoder.v" into library xil_defaultlib
INFO: [VRFC 10-311] analyzing module SevenSeg_Decoder
INFO: [VRFC 10-2263] Analyzing Verilog file "E:/Desktop/ElevatorControlSystem/ElevatorControlSystem.srcs/sources_1/new/clk_div.v" into library xil_defaultlib
INFO: [VRFC 10-311] analyzing module clk_div
INFO: [VRFC 10-2263] Analyzing Verilog file "E:/Desktop/ElevatorControlSystem/ElevatorControlSystem.srcs/sources_1/new/dynamic_display.v" into library xil_defaultlib
INFO: [VRFC 10-311] analyzing module dynamic_display
INFO: [VRFC 10-2263] Analyzing Verilog file "E:/Desktop/ElevatorControlSystem/ElevatorControlSystem.srcs/sources_1/new/refresh_state.v" into library xil_defaultlib
INFO: [VRFC 10-311] analyzing module refresh_state
INFO: [VRFC 10-2263] Analyzing Verilog file "E:/Desktop/ElevatorControlSystem/ElevatorControlSystem.srcs/sources_1/new/run.v" into library xil_defaultlib
INFO: [VRFC 10-311] analyzing module run
INFO: [VRFC 10-2263] Analyzing Verilog file "E:/Desktop/ElevatorControlSystem/ElevatorControlSystem.srcs/sources_1/new/elevator.v" into library xil_defaultlib
INFO: [VRFC 10-311] analyzing module elevator
INFO: [VRFC 10-2263] Analyzing Verilog file "E:/Desktop/ElevatorControlSystem/ElevatorControlSystem.srcs/sim_1/new/run_cdoc_tb.v" into library xil_defaultlib
INFO: [VRFC 10-311] analyzing module run_cdoc_tb
INFO: [VRFC 10-2263] Analyzing Verilog file "E:/Desktop/ElevatorControlSystem/ElevatorControlSystem.srcs/sim_1/new/run_co_tb.v" into library xil_defaultlib
INFO: [VRFC 10-311] analyzing module run_co_tb
INFO: [VRFC 10-2263] Analyzing Verilog file "E:/Desktop/ElevatorControlSystem/ElevatorControlSystem.srcs/sim_1/new/run_cuoc_tb.v" into library xil_defaultlib
INFO: [VRFC 10-311] analyzing module run_cuoc_tb
INFO: [USF-XSim-69] 'compile' step finished in '4' seconds
INFO: [USF-XSim-3] XSim::Elaborate design
INFO: [USF-XSim-61] Executing 'ELABORATE' step in 'E:/Desktop/ElevatorControlSystem/ElevatorControlSystem.sim/sim_1/behav/xsim'
Vivado Simulator 2018.1
Copyright 1986-1999, 2001-2017 Xilinx, Inc. All Rights Reserved.
Running: F:/Xilinx/Vivado/2018.1/bin/unwrapped/win64.o/xelab.exe -wto a81ed7cd808548f6b97b8fdc6ef5de07 --incr --debug typical --relax --mt 2 -L xil_defaultlib -L unisims_ver -L unimacro_ver -L secureip --snapshot run_cdoc_tb_behav xil_defaultlib.run_cdoc_tb xil_defaultlib.glbl -log elaborate.log 
Using 2 slave threads.
Starting static elaboration
Completed static elaboration
Starting simulation data flow analysis
Completed simulation data flow analysis
Time Resolution for simulation is 1ps
Compiling module xil_defaultlib.run
Compiling module xil_defaultlib.run_cdoc_tb
Compiling module xil_defaultlib.glbl
Built simulation snapshot run_cdoc_tb_behav
run_program: Time (s): cpu = 00:00:00 ; elapsed = 00:00:05 . Memory (MB): peak = 2403.793 ; gain = 0.000
INFO: [USF-XSim-69] 'elaborate' step finished in '6' seconds
INFO: [USF-XSim-4] XSim::Simulate design
INFO: [USF-XSim-61] Executing 'SIMULATE' step in 'E:/Desktop/ElevatorControlSystem/ElevatorControlSystem.sim/sim_1/behav/xsim'
INFO: [USF-XSim-98] *** Running xsim
   with args "run_cdoc_tb_behav -key {Behavioral:sim_1:Functional:run_cdoc_tb} -tclbatch {run_cdoc_tb.tcl} -log {simulate.log}"
INFO: [USF-XSim-8] Loading simulator feature
Vivado Simulator 2018.1
Time resolution is 1 ps
source run_cdoc_tb.tcl
# set curr_wave [current_wave_config]
# if { [string length $curr_wave] == 0 } {
#   if { [llength [get_objects]] > 0} {
#     add_wave /
#     set_property needs_save false [current_wave_config]
#   } else {
#      send_msg_id Add_Wave-1 WARNING "No top level signals found. Simulator will start without a wave window. If you want to open a wave window go to 'File->New Waveform Configuration' or type 'create_wave_config' in the TCL console."
#   }
# }
# run 1000ns
INFO: [USF-XSim-96] XSim completed. Design snapshot 'run_cdoc_tb_behav' loaded.
INFO: [USF-XSim-97] XSim simulation ran for 1000ns
launch_simulation: Time (s): cpu = 00:00:08 ; elapsed = 00:00:15 . Memory (MB): peak = 2409.930 ; gain = 6.137
current_sim simulation_1
close_sim
INFO: [Simtcl 6-16] Simulation closed
close_sim
INFO: [Simtcl 6-16] Simulation closed
close_sim: Time (s): cpu = 00:00:04 ; elapsed = 00:00:06 . Memory (MB): peak = 2417.656 ; gain = 0.000
launch_simulation
INFO: [Vivado 12-5682] Launching behavioral simulation in 'E:/Desktop/ElevatorControlSystem/ElevatorControlSystem.sim/sim_1/behav/xsim'
INFO: [SIM-utils-51] Simulation object is 'sim_1'
INFO: [SIM-utils-54] Inspecting design source files for 'run_cdoc_tb' in fileset 'sim_1'...
INFO: [USF-XSim-97] Finding global include files...
INFO: [USF-XSim-100] Fetching design files from 'sources_1'...(this may take a while)...
INFO: [USF-XSim-101] Fetching design files from 'sim_1'...
INFO: [USF-XSim-2] XSim::Compile design
INFO: [USF-XSim-61] Executing 'COMPILE and ANALYZE' step in 'E:/Desktop/ElevatorControlSystem/ElevatorControlSystem.sim/sim_1/behav/xsim'
"xvlog --incr --relax -prj run_cdoc_tb_vlog.prj"
INFO: [VRFC 10-2263] Analyzing Verilog file "E:/Desktop/ElevatorControlSystem/ElevatorControlSystem.srcs/sources_1/new/7seg_decoder.v" into library xil_defaultlib
INFO: [VRFC 10-311] analyzing module SevenSeg_Decoder
INFO: [VRFC 10-2263] Analyzing Verilog file "E:/Desktop/ElevatorControlSystem/ElevatorControlSystem.srcs/sources_1/new/clk_div.v" into library xil_defaultlib
INFO: [VRFC 10-311] analyzing module clk_div
INFO: [VRFC 10-2263] Analyzing Verilog file "E:/Desktop/ElevatorControlSystem/ElevatorControlSystem.srcs/sources_1/new/dynamic_display.v" into library xil_defaultlib
INFO: [VRFC 10-311] analyzing module dynamic_display
INFO: [VRFC 10-2263] Analyzing Verilog file "E:/Desktop/ElevatorControlSystem/ElevatorControlSystem.srcs/sources_1/new/refresh_state.v" into library xil_defaultlib
INFO: [VRFC 10-311] analyzing module refresh_state
INFO: [VRFC 10-2263] Analyzing Verilog file "E:/Desktop/ElevatorControlSystem/ElevatorControlSystem.srcs/sources_1/new/run.v" into library xil_defaultlib
INFO: [VRFC 10-311] analyzing module run
INFO: [VRFC 10-2263] Analyzing Verilog file "E:/Desktop/ElevatorControlSystem/ElevatorControlSystem.srcs/sources_1/new/elevator.v" into library xil_defaultlib
INFO: [VRFC 10-311] analyzing module elevator
INFO: [VRFC 10-2263] Analyzing Verilog file "E:/Desktop/ElevatorControlSystem/ElevatorControlSystem.srcs/sim_1/new/run_cdoc_tb.v" into library xil_defaultlib
INFO: [VRFC 10-311] analyzing module run_cdoc_tb
INFO: [VRFC 10-2263] Analyzing Verilog file "E:/Desktop/ElevatorControlSystem/ElevatorControlSystem.srcs/sim_1/new/run_co_tb.v" into library xil_defaultlib
INFO: [VRFC 10-311] analyzing module run_co_tb
INFO: [VRFC 10-2263] Analyzing Verilog file "E:/Desktop/ElevatorControlSystem/ElevatorControlSystem.srcs/sim_1/new/run_cuoc_tb.v" into library xil_defaultlib
INFO: [VRFC 10-311] analyzing module run_cuoc_tb
INFO: [USF-XSim-69] 'compile' step finished in '4' seconds
INFO: [USF-XSim-3] XSim::Elaborate design
INFO: [USF-XSim-61] Executing 'ELABORATE' step in 'E:/Desktop/ElevatorControlSystem/ElevatorControlSystem.sim/sim_1/behav/xsim'
Vivado Simulator 2018.1
Copyright 1986-1999, 2001-2017 Xilinx, Inc. All Rights Reserved.
Running: F:/Xilinx/Vivado/2018.1/bin/unwrapped/win64.o/xelab.exe -wto a81ed7cd808548f6b97b8fdc6ef5de07 --incr --debug typical --relax --mt 2 -L xil_defaultlib -L unisims_ver -L unimacro_ver -L secureip --snapshot run_cdoc_tb_behav xil_defaultlib.run_cdoc_tb xil_defaultlib.glbl -log elaborate.log 
Using 2 slave threads.
Starting static elaboration
Completed static elaboration
Starting simulation data flow analysis
Completed simulation data flow analysis
Time Resolution for simulation is 1ps
Compiling module xil_defaultlib.run
Compiling module xil_defaultlib.run_cdoc_tb
Compiling module xil_defaultlib.glbl
Built simulation snapshot run_cdoc_tb_behav
INFO: [USF-XSim-69] 'elaborate' step finished in '5' seconds
INFO: [USF-XSim-4] XSim::Simulate design
INFO: [USF-XSim-61] Executing 'SIMULATE' step in 'E:/Desktop/ElevatorControlSystem/ElevatorControlSystem.sim/sim_1/behav/xsim'
INFO: [USF-XSim-98] *** Running xsim
   with args "run_cdoc_tb_behav -key {Behavioral:sim_1:Functional:run_cdoc_tb} -tclbatch {run_cdoc_tb.tcl} -log {simulate.log}"
INFO: [USF-XSim-8] Loading simulator feature
Vivado Simulator 2018.1
Time resolution is 1 ps
source run_cdoc_tb.tcl
# set curr_wave [current_wave_config]
# if { [string length $curr_wave] == 0 } {
#   if { [llength [get_objects]] > 0} {
#     add_wave /
#     set_property needs_save false [current_wave_config]
#   } else {
#      send_msg_id Add_Wave-1 WARNING "No top level signals found. Simulator will start without a wave window. If you want to open a wave window go to 'File->New Waveform Configuration' or type 'create_wave_config' in the TCL console."
#   }
# }
# run 1000ns
INFO: [USF-XSim-96] XSim completed. Design snapshot 'run_cdoc_tb_behav' loaded.
INFO: [USF-XSim-97] XSim simulation ran for 1000ns
launch_simulation: Time (s): cpu = 00:00:06 ; elapsed = 00:00:14 . Memory (MB): peak = 2417.656 ; gain = 0.000
run 200 ns
run 200 ns
run 200 ns
run 200 ns
close_sim
INFO: [Simtcl 6-16] Simulation closed
launch_simulation
INFO: [Vivado 12-5682] Launching behavioral simulation in 'E:/Desktop/ElevatorControlSystem/ElevatorControlSystem.sim/sim_1/behav/xsim'
INFO: [SIM-utils-51] Simulation object is 'sim_1'
INFO: [SIM-utils-54] Inspecting design source files for 'run_cdoc_tb' in fileset 'sim_1'...
INFO: [USF-XSim-97] Finding global include files...
INFO: [USF-XSim-100] Fetching design files from 'sources_1'...(this may take a while)...
INFO: [USF-XSim-101] Fetching design files from 'sim_1'...
INFO: [USF-XSim-2] XSim::Compile design
INFO: [USF-XSim-61] Executing 'COMPILE and ANALYZE' step in 'E:/Desktop/ElevatorControlSystem/ElevatorControlSystem.sim/sim_1/behav/xsim'
"xvlog --incr --relax -prj run_cdoc_tb_vlog.prj"
INFO: [VRFC 10-2263] Analyzing Verilog file "E:/Desktop/ElevatorControlSystem/ElevatorControlSystem.srcs/sources_1/new/7seg_decoder.v" into library xil_defaultlib
INFO: [VRFC 10-311] analyzing module SevenSeg_Decoder
INFO: [VRFC 10-2263] Analyzing Verilog file "E:/Desktop/ElevatorControlSystem/ElevatorControlSystem.srcs/sources_1/new/clk_div.v" into library xil_defaultlib
INFO: [VRFC 10-311] analyzing module clk_div
INFO: [VRFC 10-2263] Analyzing Verilog file "E:/Desktop/ElevatorControlSystem/ElevatorControlSystem.srcs/sources_1/new/dynamic_display.v" into library xil_defaultlib
INFO: [VRFC 10-311] analyzing module dynamic_display
INFO: [VRFC 10-2263] Analyzing Verilog file "E:/Desktop/ElevatorControlSystem/ElevatorControlSystem.srcs/sources_1/new/refresh_state.v" into library xil_defaultlib
INFO: [VRFC 10-311] analyzing module refresh_state
INFO: [VRFC 10-2263] Analyzing Verilog file "E:/Desktop/ElevatorControlSystem/ElevatorControlSystem.srcs/sources_1/new/run.v" into library xil_defaultlib
INFO: [VRFC 10-311] analyzing module run
INFO: [VRFC 10-2263] Analyzing Verilog file "E:/Desktop/ElevatorControlSystem/ElevatorControlSystem.srcs/sources_1/new/elevator.v" into library xil_defaultlib
INFO: [VRFC 10-311] analyzing module elevator
INFO: [VRFC 10-2263] Analyzing Verilog file "E:/Desktop/ElevatorControlSystem/ElevatorControlSystem.srcs/sim_1/new/run_cdoc_tb.v" into library xil_defaultlib
INFO: [VRFC 10-311] analyzing module run_cdoc_tb
INFO: [VRFC 10-2263] Analyzing Verilog file "E:/Desktop/ElevatorControlSystem/ElevatorControlSystem.srcs/sim_1/new/run_co_tb.v" into library xil_defaultlib
INFO: [VRFC 10-311] analyzing module run_co_tb
INFO: [VRFC 10-2263] Analyzing Verilog file "E:/Desktop/ElevatorControlSystem/ElevatorControlSystem.srcs/sim_1/new/run_cuoc_tb.v" into library xil_defaultlib
INFO: [VRFC 10-311] analyzing module run_cuoc_tb
INFO: [USF-XSim-69] 'compile' step finished in '4' seconds
INFO: [USF-XSim-3] XSim::Elaborate design
INFO: [USF-XSim-61] Executing 'ELABORATE' step in 'E:/Desktop/ElevatorControlSystem/ElevatorControlSystem.sim/sim_1/behav/xsim'
Vivado Simulator 2018.1
Copyright 1986-1999, 2001-2017 Xilinx, Inc. All Rights Reserved.
Running: F:/Xilinx/Vivado/2018.1/bin/unwrapped/win64.o/xelab.exe -wto a81ed7cd808548f6b97b8fdc6ef5de07 --incr --debug typical --relax --mt 2 -L xil_defaultlib -L unisims_ver -L unimacro_ver -L secureip --snapshot run_cdoc_tb_behav xil_defaultlib.run_cdoc_tb xil_defaultlib.glbl -log elaborate.log 
Using 2 slave threads.
Starting static elaboration
Completed static elaboration
Starting simulation data flow analysis
Completed simulation data flow analysis
Time Resolution for simulation is 1ps
Compiling module xil_defaultlib.run
Compiling module xil_defaultlib.run_cdoc_tb
Compiling module xil_defaultlib.glbl
Built simulation snapshot run_cdoc_tb_behav
run_program: Time (s): cpu = 00:00:00 ; elapsed = 00:00:05 . Memory (MB): peak = 2417.656 ; gain = 0.000
INFO: [USF-XSim-69] 'elaborate' step finished in '5' seconds
INFO: [USF-XSim-4] XSim::Simulate design
INFO: [USF-XSim-61] Executing 'SIMULATE' step in 'E:/Desktop/ElevatorControlSystem/ElevatorControlSystem.sim/sim_1/behav/xsim'
INFO: [USF-XSim-98] *** Running xsim
   with args "run_cdoc_tb_behav -key {Behavioral:sim_1:Functional:run_cdoc_tb} -tclbatch {run_cdoc_tb.tcl} -log {simulate.log}"
INFO: [USF-XSim-8] Loading simulator feature
Vivado Simulator 2018.1
Time resolution is 1 ps
source run_cdoc_tb.tcl
# set curr_wave [current_wave_config]
# if { [string length $curr_wave] == 0 } {
#   if { [llength [get_objects]] > 0} {
#     add_wave /
#     set_property needs_save false [current_wave_config]
#   } else {
#      send_msg_id Add_Wave-1 WARNING "No top level signals found. Simulator will start without a wave window. If you want to open a wave window go to 'File->New Waveform Configuration' or type 'create_wave_config' in the TCL console."
#   }
# }
# run 1000ns
INFO: [USF-XSim-96] XSim completed. Design snapshot 'run_cdoc_tb_behav' loaded.
INFO: [USF-XSim-97] XSim simulation ran for 1000ns
launch_simulation: Time (s): cpu = 00:00:07 ; elapsed = 00:00:14 . Memory (MB): peak = 2417.656 ; gain = 0.000
run 200 ns
run 200 ns
run 200 ns
close_sim
INFO: [Simtcl 6-16] Simulation closed
launch_simulation
INFO: [Vivado 12-5682] Launching behavioral simulation in 'E:/Desktop/ElevatorControlSystem/ElevatorControlSystem.sim/sim_1/behav/xsim'
INFO: [SIM-utils-51] Simulation object is 'sim_1'
INFO: [SIM-utils-54] Inspecting design source files for 'run_cdoc_tb' in fileset 'sim_1'...
INFO: [USF-XSim-97] Finding global include files...
INFO: [USF-XSim-100] Fetching design files from 'sources_1'...(this may take a while)...
INFO: [USF-XSim-101] Fetching design files from 'sim_1'...
INFO: [USF-XSim-2] XSim::Compile design
INFO: [USF-XSim-61] Executing 'COMPILE and ANALYZE' step in 'E:/Desktop/ElevatorControlSystem/ElevatorControlSystem.sim/sim_1/behav/xsim'
"xvlog --incr --relax -prj run_cdoc_tb_vlog.prj"
INFO: [VRFC 10-2263] Analyzing Verilog file "E:/Desktop/ElevatorControlSystem/ElevatorControlSystem.srcs/sources_1/new/7seg_decoder.v" into library xil_defaultlib
INFO: [VRFC 10-311] analyzing module SevenSeg_Decoder
INFO: [VRFC 10-2263] Analyzing Verilog file "E:/Desktop/ElevatorControlSystem/ElevatorControlSystem.srcs/sources_1/new/clk_div.v" into library xil_defaultlib
INFO: [VRFC 10-311] analyzing module clk_div
INFO: [VRFC 10-2263] Analyzing Verilog file "E:/Desktop/ElevatorControlSystem/ElevatorControlSystem.srcs/sources_1/new/dynamic_display.v" into library xil_defaultlib
INFO: [VRFC 10-311] analyzing module dynamic_display
INFO: [VRFC 10-2263] Analyzing Verilog file "E:/Desktop/ElevatorControlSystem/ElevatorControlSystem.srcs/sources_1/new/refresh_state.v" into library xil_defaultlib
INFO: [VRFC 10-311] analyzing module refresh_state
INFO: [VRFC 10-2263] Analyzing Verilog file "E:/Desktop/ElevatorControlSystem/ElevatorControlSystem.srcs/sources_1/new/run.v" into library xil_defaultlib
INFO: [VRFC 10-311] analyzing module run
INFO: [VRFC 10-2263] Analyzing Verilog file "E:/Desktop/ElevatorControlSystem/ElevatorControlSystem.srcs/sources_1/new/elevator.v" into library xil_defaultlib
INFO: [VRFC 10-311] analyzing module elevator
INFO: [VRFC 10-2263] Analyzing Verilog file "E:/Desktop/ElevatorControlSystem/ElevatorControlSystem.srcs/sim_1/new/run_cdoc_tb.v" into library xil_defaultlib
INFO: [VRFC 10-311] analyzing module run_cdoc_tb
INFO: [VRFC 10-2263] Analyzing Verilog file "E:/Desktop/ElevatorControlSystem/ElevatorControlSystem.srcs/sim_1/new/run_co_tb.v" into library xil_defaultlib
INFO: [VRFC 10-311] analyzing module run_co_tb
INFO: [VRFC 10-2263] Analyzing Verilog file "E:/Desktop/ElevatorControlSystem/ElevatorControlSystem.srcs/sim_1/new/run_cuoc_tb.v" into library xil_defaultlib
INFO: [VRFC 10-311] analyzing module run_cuoc_tb
INFO: [USF-XSim-69] 'compile' step finished in '4' seconds
INFO: [USF-XSim-3] XSim::Elaborate design
INFO: [USF-XSim-61] Executing 'ELABORATE' step in 'E:/Desktop/ElevatorControlSystem/ElevatorControlSystem.sim/sim_1/behav/xsim'
Vivado Simulator 2018.1
Copyright 1986-1999, 2001-2017 Xilinx, Inc. All Rights Reserved.
Running: F:/Xilinx/Vivado/2018.1/bin/unwrapped/win64.o/xelab.exe -wto a81ed7cd808548f6b97b8fdc6ef5de07 --incr --debug typical --relax --mt 2 -L xil_defaultlib -L unisims_ver -L unimacro_ver -L secureip --snapshot run_cdoc_tb_behav xil_defaultlib.run_cdoc_tb xil_defaultlib.glbl -log elaborate.log 
Using 2 slave threads.
Starting static elaboration
Completed static elaboration
Starting simulation data flow analysis
Completed simulation data flow analysis
Time Resolution for simulation is 1ps
Compiling module xil_defaultlib.run
Compiling module xil_defaultlib.run_cdoc_tb
Compiling module xil_defaultlib.glbl
Built simulation snapshot run_cdoc_tb_behav
run_program: Time (s): cpu = 00:00:00 ; elapsed = 00:00:05 . Memory (MB): peak = 2417.656 ; gain = 0.000
INFO: [USF-XSim-69] 'elaborate' step finished in '5' seconds
INFO: [USF-XSim-4] XSim::Simulate design
INFO: [USF-XSim-61] Executing 'SIMULATE' step in 'E:/Desktop/ElevatorControlSystem/ElevatorControlSystem.sim/sim_1/behav/xsim'
INFO: [USF-XSim-98] *** Running xsim
   with args "run_cdoc_tb_behav -key {Behavioral:sim_1:Functional:run_cdoc_tb} -tclbatch {run_cdoc_tb.tcl} -log {simulate.log}"
INFO: [USF-XSim-8] Loading simulator feature
Vivado Simulator 2018.1
Time resolution is 1 ps
source run_cdoc_tb.tcl
# set curr_wave [current_wave_config]
# if { [string length $curr_wave] == 0 } {
#   if { [llength [get_objects]] > 0} {
#     add_wave /
#     set_property needs_save false [current_wave_config]
#   } else {
#      send_msg_id Add_Wave-1 WARNING "No top level signals found. Simulator will start without a wave window. If you want to open a wave window go to 'File->New Waveform Configuration' or type 'create_wave_config' in the TCL console."
#   }
# }
# run 1000ns
INFO: [USF-XSim-96] XSim completed. Design snapshot 'run_cdoc_tb_behav' loaded.
INFO: [USF-XSim-97] XSim simulation ran for 1000ns
launch_simulation: Time (s): cpu = 00:00:06 ; elapsed = 00:00:14 . Memory (MB): peak = 2417.656 ; gain = 0.000
run 200 ns
run 200 ns
run 200 ns
run 200 ns
run 200 ns
run 200 ns
run 200 ns
reset_run synth_1
WARNING: [Vivado 12-1017] Problems encountered:
1. Failed to delete one or more files in run directory E:/Desktop/ElevatorControlSystem/ElevatorControlSystem.runs/synth_1

launch_runs synth_1 -jobs 2
[Wed Sep 12 09:37:10 2018] Launched synth_1...
Run output will be captured here: E:/Desktop/ElevatorControlSystem/ElevatorControlSystem.runs/synth_1/runme.log
launch_runs impl_1 -jobs 2
WARNING: [Project 1-478] Design 'synth_1' is stale and will not be used when launching 'impl_1'
[Wed Sep 12 09:43:41 2018] Launched impl_1...
Run output will be captured here: E:/Desktop/ElevatorControlSystem/ElevatorControlSystem.runs/impl_1/runme.log
reset_run synth_1
WARNING: [Vivado 12-1017] Problems encountered:
1. Failed to delete one or more files in run directory E:/Desktop/ElevatorControlSystem/ElevatorControlSystem.runs/synth_1

launch_runs impl_1 -to_step write_bitstream -jobs 2
WARNING: [Project 1-478] Design 'synth_1' is stale and will not be used when launching 'impl_1'
[Wed Sep 12 09:54:55 2018] Launched synth_1...
Run output will be captured here: E:/Desktop/ElevatorControlSystem/ElevatorControlSystem.runs/synth_1/runme.log
[Wed Sep 12 09:54:55 2018] Launched impl_1...
Run output will be captured here: E:/Desktop/ElevatorControlSystem/ElevatorControlSystem.runs/impl_1/runme.log
reset_run synth_1
WARNING: [Vivado 12-1017] Problems encountered:
1. Failed to delete one or more files in run directory E:/Desktop/ElevatorControlSystem/ElevatorControlSystem.runs/synth_1

launch_runs synth_1 -jobs 2
[Wed Sep 12 10:03:03 2018] Launched synth_1...
Run output will be captured here: E:/Desktop/ElevatorControlSystem/ElevatorControlSystem.runs/synth_1/runme.log
launch_runs impl_1 -jobs 2
WARNING: [Project 1-478] Design 'synth_1' is stale and will not be used when launching 'impl_1'
[Wed Sep 12 10:05:46 2018] Launched impl_1...
Run output will be captured here: E:/Desktop/ElevatorControlSystem/ElevatorControlSystem.runs/impl_1/runme.log
launch_runs impl_1 -to_step write_bitstream -jobs 2
[Wed Sep 12 10:09:41 2018] Launched impl_1...
Run output will be captured here: E:/Desktop/ElevatorControlSystem/ElevatorControlSystem.runs/impl_1/runme.log
reset_run synth_1
WARNING: [Vivado 12-1017] Problems encountered:
1. Failed to delete one or more files in run directory E:/Desktop/ElevatorControlSystem/ElevatorControlSystem.runs/synth_1

launch_runs impl_1 -to_step write_bitstream -jobs 2
WARNING: [Project 1-478] Design 'synth_1' is stale and will not be used when launching 'impl_1'
[Wed Sep 12 10:15:47 2018] Launched synth_1...
Run output will be captured here: E:/Desktop/ElevatorControlSystem/ElevatorControlSystem.runs/synth_1/runme.log
[Wed Sep 12 10:15:47 2018] Launched impl_1...
Run output will be captured here: E:/Desktop/ElevatorControlSystem/ElevatorControlSystem.runs/impl_1/runme.log
open_hw
connect_hw_server
INFO: [Labtools 27-2285] Connecting to hw_server url TCP:localhost:3121
INFO: [Labtools 27-2222] Launching hw_server...
INFO: [Labtools 27-2221] Launch Output:

****** Xilinx hw_server v2018.1
  **** Build date : Apr  4 2018-19:32:53
    ** Copyright 1986-2018 Xilinx, Inc. All Rights Reserved.


open_hw_target
INFO: [Labtoolstcl 44-466] Opening hw_target localhost:3121/xilinx_tcf/Digilent/210274533711A
set_property PROGRAM.FILE {E:/Desktop/ElevatorControlSystem/ElevatorControlSystem.runs/impl_1/elevator.bit} [get_hw_devices xc7a100t_0]
current_hw_device [get_hw_devices xc7a100t_0]
refresh_hw_device -update_hw_probes false [lindex [get_hw_devices xc7a100t_0] 0]
INFO: [Labtools 27-1435] Device xc7a100t (JTAG device index = 0) is not programmed (DONE status = 0).
set_property PROBES.FILE {} [get_hw_devices xc7a100t_0]
set_property FULL_PROBES.FILE {} [get_hw_devices xc7a100t_0]
set_property PROGRAM.FILE {E:/Desktop/ElevatorControlSystem/ElevatorControlSystem.runs/impl_1/elevator.bit} [get_hw_devices xc7a100t_0]
program_hw_devices [get_hw_devices xc7a100t_0]
INFO: [Labtools 27-3164] End of startup status: HIGH
refresh_hw_device [lindex [get_hw_devices xc7a100t_0] 0]
INFO: [Labtools 27-1434] Device xc7a100t (JTAG device index = 0) is programmed with a design that has no supported debug core(s) in it.
WARNING: [Labtools 27-3361] The debug hub core was not detected.
Resolution: 
1. Make sure the clock connected to the debug hub (dbg_hub) core is a free running clock and is active.
2. Make sure the BSCAN_SWITCH_USER_MASK device property in Vivado Hardware Manager reflects the user scan chain setting in the design and refresh the device.  To determine the user scan chain setting in the design, open the implemented design and use 'get_property C_USER_SCAN_CHAIN [get_debug_cores dbg_hub]'.
For more details on setting the scan chain property, consult the Vivado Debug and Programming User Guide (UG908).
ERROR: [Labtoolstcl 44-513] HW Target shutdown. Closing target: localhost:3121/xilinx_tcf/Digilent/210274533711A
INFO: [Labtoolstcl 44-466] Opening hw_target localhost:3121/xilinx_tcf/Digilent/210274533711A
INFO: [Labtools 27-1435] Device xc7a100t (JTAG device index = 0) is not programmed (DONE status = 0).
WARNING: [Labtoolstcl 44-129] No matching hw_ila_data was found.
set_property PROBES.FILE {} [get_hw_devices xc7a100t_0]
set_property FULL_PROBES.FILE {} [get_hw_devices xc7a100t_0]
set_property PROGRAM.FILE {E:/Desktop/ElevatorControlSystem/ElevatorControlSystem.runs/impl_1/elevator.bit} [get_hw_devices xc7a100t_0]
program_hw_devices [get_hw_devices xc7a100t_0]
INFO: [Labtools 27-3164] End of startup status: HIGH
refresh_hw_device [lindex [get_hw_devices xc7a100t_0] 0]
INFO: [Labtools 27-1434] Device xc7a100t (JTAG device index = 0) is programmed with a design that has no supported debug core(s) in it.
WARNING: [Labtools 27-3361] The debug hub core was not detected.
Resolution: 
1. Make sure the clock connected to the debug hub (dbg_hub) core is a free running clock and is active.
2. Make sure the BSCAN_SWITCH_USER_MASK device property in Vivado Hardware Manager reflects the user scan chain setting in the design and refresh the device.  To determine the user scan chain setting in the design, open the implemented design and use 'get_property C_USER_SCAN_CHAIN [get_debug_cores dbg_hub]'.
For more details on setting the scan chain property, consult the Vivado Debug and Programming User Guide (UG908).
ERROR: [Labtoolstcl 44-513] HW Target shutdown. Closing target: localhost:3121/xilinx_tcf/Digilent/210274533711A
INFO: [Labtoolstcl 44-466] Opening hw_target localhost:3121/xilinx_tcf/Digilent/210274533711A
INFO: [Labtools 27-1435] Device xc7a100t (JTAG device index = 0) is not programmed (DONE status = 0).
WARNING: [Labtoolstcl 44-129] No matching hw_ila_data was found.
set_property PROBES.FILE {} [get_hw_devices xc7a100t_0]
set_property FULL_PROBES.FILE {} [get_hw_devices xc7a100t_0]
set_property PROGRAM.FILE {E:/Desktop/ElevatorControlSystem/ElevatorControlSystem.runs/impl_1/elevator.bit} [get_hw_devices xc7a100t_0]
program_hw_devices [get_hw_devices xc7a100t_0]
INFO: [Labtools 27-3164] End of startup status: HIGH
refresh_hw_device [lindex [get_hw_devices xc7a100t_0] 0]
INFO: [Labtools 27-1434] Device xc7a100t (JTAG device index = 0) is programmed with a design that has no supported debug core(s) in it.
WARNING: [Labtools 27-3361] The debug hub core was not detected.
Resolution: 
1. Make sure the clock connected to the debug hub (dbg_hub) core is a free running clock and is active.
2. Make sure the BSCAN_SWITCH_USER_MASK device property in Vivado Hardware Manager reflects the user scan chain setting in the design and refresh the device.  To determine the user scan chain setting in the design, open the implemented design and use 'get_property C_USER_SCAN_CHAIN [get_debug_cores dbg_hub]'.
For more details on setting the scan chain property, consult the Vivado Debug and Programming User Guide (UG908).
set_property PROBES.FILE {} [get_hw_devices xc7a100t_0]
set_property FULL_PROBES.FILE {} [get_hw_devices xc7a100t_0]
set_property PROGRAM.FILE {E:/Desktop/ElevatorControlSystem/ElevatorControlSystem.runs/impl_1/elevator.bit} [get_hw_devices xc7a100t_0]
program_hw_devices [get_hw_devices xc7a100t_0]
INFO: [Labtools 27-3164] End of startup status: HIGH
refresh_hw_device [lindex [get_hw_devices xc7a100t_0] 0]
INFO: [Labtools 27-1434] Device xc7a100t (JTAG device index = 0) is programmed with a design that has no supported debug core(s) in it.
WARNING: [Labtools 27-3361] The debug hub core was not detected.
Resolution: 
1. Make sure the clock connected to the debug hub (dbg_hub) core is a free running clock and is active.
2. Make sure the BSCAN_SWITCH_USER_MASK device property in Vivado Hardware Manager reflects the user scan chain setting in the design and refresh the device.  To determine the user scan chain setting in the design, open the implemented design and use 'get_property C_USER_SCAN_CHAIN [get_debug_cores dbg_hub]'.
For more details on setting the scan chain property, consult the Vivado Debug and Programming User Guide (UG908).
ERROR: [Labtoolstcl 44-513] HW Target shutdown. Closing target: localhost:3121/xilinx_tcf/Digilent/210274533711A
INFO: [Labtoolstcl 44-466] Opening hw_target localhost:3121/xilinx_tcf/Digilent/210274533711A
INFO: [Labtools 27-1435] Device xc7a100t (JTAG device index = 0) is not programmed (DONE status = 0).
WARNING: [Labtoolstcl 44-129] No matching hw_ila_data was found.
set_property PROBES.FILE {} [get_hw_devices xc7a100t_0]
set_property FULL_PROBES.FILE {} [get_hw_devices xc7a100t_0]
set_property PROGRAM.FILE {E:/Desktop/ElevatorControlSystem/ElevatorControlSystem.runs/impl_1/elevator.bit} [get_hw_devices xc7a100t_0]
program_hw_devices [get_hw_devices xc7a100t_0]
INFO: [Labtools 27-3164] End of startup status: HIGH
refresh_hw_device [lindex [get_hw_devices xc7a100t_0] 0]
INFO: [Labtools 27-1434] Device xc7a100t (JTAG device index = 0) is programmed with a design that has no supported debug core(s) in it.
WARNING: [Labtools 27-3361] The debug hub core was not detected.
Resolution: 
1. Make sure the clock connected to the debug hub (dbg_hub) core is a free running clock and is active.
2. Make sure the BSCAN_SWITCH_USER_MASK device property in Vivado Hardware Manager reflects the user scan chain setting in the design and refresh the device.  To determine the user scan chain setting in the design, open the implemented design and use 'get_property C_USER_SCAN_CHAIN [get_debug_cores dbg_hub]'.
For more details on setting the scan chain property, consult the Vivado Debug and Programming User Guide (UG908).
ERROR: [Labtoolstcl 44-513] HW Target shutdown. Closing target: localhost:3121/xilinx_tcf/Digilent/210274533711A
INFO: [Labtoolstcl 44-466] Opening hw_target localhost:3121/xilinx_tcf/Digilent/210274533711A
INFO: [Labtools 27-1435] Device xc7a100t (JTAG device index = 0) is not programmed (DONE status = 0).
WARNING: [Labtoolstcl 44-129] No matching hw_ila_data was found.
set_property PROBES.FILE {} [get_hw_devices xc7a100t_0]
set_property FULL_PROBES.FILE {} [get_hw_devices xc7a100t_0]
set_property PROGRAM.FILE {E:/Desktop/ElevatorControlSystem/ElevatorControlSystem.runs/impl_1/elevator.bit} [get_hw_devices xc7a100t_0]
program_hw_devices [get_hw_devices xc7a100t_0]
INFO: [Labtools 27-3164] End of startup status: HIGH
refresh_hw_device [lindex [get_hw_devices xc7a100t_0] 0]
INFO: [Labtools 27-1434] Device xc7a100t (JTAG device index = 0) is programmed with a design that has no supported debug core(s) in it.
WARNING: [Labtools 27-3361] The debug hub core was not detected.
Resolution: 
1. Make sure the clock connected to the debug hub (dbg_hub) core is a free running clock and is active.
2. Make sure the BSCAN_SWITCH_USER_MASK device property in Vivado Hardware Manager reflects the user scan chain setting in the design and refresh the device.  To determine the user scan chain setting in the design, open the implemented design and use 'get_property C_USER_SCAN_CHAIN [get_debug_cores dbg_hub]'.
For more details on setting the scan chain property, consult the Vivado Debug and Programming User Guide (UG908).
ERROR: [Labtoolstcl 44-513] HW Target shutdown. Closing target: localhost:3121/xilinx_tcf/Digilent/210274533711A
INFO: [Labtoolstcl 44-466] Opening hw_target localhost:3121/xilinx_tcf/Digilent/210274533711A
INFO: [Labtools 27-1435] Device xc7a100t (JTAG device index = 0) is not programmed (DONE status = 0).
WARNING: [Labtoolstcl 44-129] No matching hw_ila_data was found.
close_hw
close_hw: Time (s): cpu = 00:00:04 ; elapsed = 00:00:06 . Memory (MB): peak = 2565.547 ; gain = 0.000
reset_run synth_1
WARNING: [Vivado 12-1017] Problems encountered:
1. Failed to delete one or more files in run directory E:/Desktop/ElevatorControlSystem/ElevatorControlSystem.runs/synth_1

launch_runs synth_1 -jobs 2
[Wed Sep 12 10:56:14 2018] Launched synth_1...
Run output will be captured here: E:/Desktop/ElevatorControlSystem/ElevatorControlSystem.runs/synth_1/runme.log
launch_runs impl_1 -jobs 2
WARNING: [Project 1-478] Design 'synth_1' is stale and will not be used when launching 'impl_1'
[Wed Sep 12 10:59:17 2018] Launched impl_1...
Run output will be captured here: E:/Desktop/ElevatorControlSystem/ElevatorControlSystem.runs/impl_1/runme.log
synth_design -rtl -name rtl_1
Command: synth_design -rtl -name rtl_1
Starting synth_design
Using part: xc7a100tcsg324-1
Top: elevator
---------------------------------------------------------------------------------
Starting RTL Elaboration : Time (s): cpu = 00:00:18 ; elapsed = 00:00:19 . Memory (MB): peak = 2670.133 ; gain = 104.586
---------------------------------------------------------------------------------
INFO: [Synth 8-6157] synthesizing module 'elevator' [E:/Desktop/ElevatorControlSystem/ElevatorControlSystem.srcs/sources_1/new/elevator.v:3]
INFO: [Synth 8-6157] synthesizing module 'clk_div' [E:/Desktop/ElevatorControlSystem/ElevatorControlSystem.srcs/sources_1/new/clk_div.v:23]
	Parameter factor_N_div2 bound to: 50000000 - type: integer 
INFO: [Synth 8-6155] done synthesizing module 'clk_div' (1#1) [E:/Desktop/ElevatorControlSystem/ElevatorControlSystem.srcs/sources_1/new/clk_div.v:23]
INFO: [Synth 8-6157] synthesizing module 'dynamic_display' [E:/Desktop/ElevatorControlSystem/ElevatorControlSystem.srcs/sources_1/new/dynamic_display.v:3]
INFO: [Synth 8-6157] synthesizing module 'SevenSeg_Decoder' [E:/Desktop/ElevatorControlSystem/ElevatorControlSystem.srcs/sources_1/new/7seg_decoder.v:23]
INFO: [Synth 8-6155] done synthesizing module 'SevenSeg_Decoder' (2#1) [E:/Desktop/ElevatorControlSystem/ElevatorControlSystem.srcs/sources_1/new/7seg_decoder.v:23]
INFO: [Synth 8-6155] done synthesizing module 'dynamic_display' (3#1) [E:/Desktop/ElevatorControlSystem/ElevatorControlSystem.srcs/sources_1/new/dynamic_display.v:3]
INFO: [Synth 8-6157] synthesizing module 'refresh_state' [E:/Desktop/ElevatorControlSystem/ElevatorControlSystem.srcs/sources_1/new/refresh_state.v:3]
INFO: [Synth 8-6155] done synthesizing module 'refresh_state' (4#1) [E:/Desktop/ElevatorControlSystem/ElevatorControlSystem.srcs/sources_1/new/refresh_state.v:3]
INFO: [Synth 8-6157] synthesizing module 'run' [E:/Desktop/ElevatorControlSystem/ElevatorControlSystem.srcs/sources_1/new/run.v:3]
INFO: [Synth 8-6155] done synthesizing module 'run' (5#1) [E:/Desktop/ElevatorControlSystem/ElevatorControlSystem.srcs/sources_1/new/run.v:3]
INFO: [Synth 8-6155] done synthesizing module 'elevator' (6#1) [E:/Desktop/ElevatorControlSystem/ElevatorControlSystem.srcs/sources_1/new/elevator.v:3]
WARNING: [Synth 8-3331] design dynamic_display has unconnected port nowFloor[3]
WARNING: [Synth 8-3331] design dynamic_display has unconnected port nowFloor[2]
WARNING: [Synth 8-3331] design dynamic_display has unconnected port nowFloor[1]
WARNING: [Synth 8-3331] design dynamic_display has unconnected port nowFloor[0]
---------------------------------------------------------------------------------
Finished RTL Elaboration : Time (s): cpu = 00:00:20 ; elapsed = 00:00:21 . Memory (MB): peak = 2712.340 ; gain = 146.793
---------------------------------------------------------------------------------

Report Check Netlist: 
+------+------------------+-------+---------+-------+------------------+
|      |Item              |Errors |Warnings |Status |Description       |
+------+------------------+-------+---------+-------+------------------+
|1     |multi_driven_nets |      0|        0|Passed |Multi driven nets |
+------+------------------+-------+---------+-------+------------------+
---------------------------------------------------------------------------------
Start Handling Custom Attributes
---------------------------------------------------------------------------------
---------------------------------------------------------------------------------
Finished Handling Custom Attributes : Time (s): cpu = 00:00:21 ; elapsed = 00:00:22 . Memory (MB): peak = 2712.340 ; gain = 146.793
---------------------------------------------------------------------------------
---------------------------------------------------------------------------------
Finished RTL Optimization Phase 1 : Time (s): cpu = 00:00:21 ; elapsed = 00:00:22 . Memory (MB): peak = 2712.340 ; gain = 146.793
---------------------------------------------------------------------------------
INFO: [Project 1-570] Preparing netlist for logic optimization
INFO: [Opt 31-140] Inserted 1 IBUFs to IO ports without IO buffers.
INFO: [Opt 31-141] Inserted 1 OBUFs to IO ports without IO buffers.

Processing XDC Constraints
Initializing timing engine
Parsing XDC File [E:/Desktop/ElevatorControlSystem/ElevatorControlSystem.srcs/constrs_1/new/elaborate.xdc]
Finished Parsing XDC File [E:/Desktop/ElevatorControlSystem/ElevatorControlSystem.srcs/constrs_1/new/elaborate.xdc]
Completed Processing XDC Constraints

INFO: [Opt 31-138] Pushed 0 inverter(s) to 0 load pin(s).
INFO: [Project 1-111] Unisim Transformation Summary:
No Unisim elements were transformed.

RTL Elaboration Complete:  : Time (s): cpu = 00:00:35 ; elapsed = 00:00:33 . Memory (MB): peak = 2846.953 ; gain = 281.406
17 Infos, 4 Warnings, 0 Critical Warnings and 0 Errors encountered.
synth_design completed successfully
synth_design: Time (s): cpu = 00:00:35 ; elapsed = 00:00:34 . Memory (MB): peak = 2846.953 ; gain = 281.406
launch_runs impl_1 -to_step write_bitstream -jobs 2
[Wed Sep 12 11:03:25 2018] Launched impl_1...
Run output will be captured here: E:/Desktop/ElevatorControlSystem/ElevatorControlSystem.runs/impl_1/runme.log
set_property top run_co_tb [get_filesets sim_1]
set_property top_lib xil_defaultlib [get_filesets sim_1]
close_design
open_run impl_1
INFO: [Netlist 29-17] Analyzing 26 Unisim elements for replacement
INFO: [Netlist 29-28] Unisim Transformation completed in 0 CPU seconds
INFO: [Project 1-479] Netlist was created with Vivado 2018.1
INFO: [Project 1-570] Preparing netlist for logic optimization
INFO: [Timing 38-478] Restoring timing data from binary archive.
INFO: [Timing 38-479] Binary timing data restore complete.
INFO: [Project 1-856] Restoring constraints from binary archive.
INFO: [Project 1-853] Binary constraint restore complete.
Reading XDEF placement.
Reading placer database...
Reading XDEF routing.
Read XDEF File: Time (s): cpu = 00:00:00 ; elapsed = 00:00:00.258 . Memory (MB): peak = 2875.969 ; gain = 0.000
Restored from archive | CPU: 0.000000 secs | Memory: 0.000000 MB |
Finished XDEF File Restore: Time (s): cpu = 00:00:00 ; elapsed = 00:00:00.259 . Memory (MB): peak = 2875.969 ; gain = 0.000
INFO: [Project 1-111] Unisim Transformation Summary:
No Unisim elements were transformed.

open_run: Time (s): cpu = 00:00:10 ; elapsed = 00:00:07 . Memory (MB): peak = 2883.188 ; gain = 36.234
WARNING: [Timing 38-313] There are no user specified timing constraints. Timing constraints are needed for proper timing analysis.
launch_simulation
INFO: [Vivado 12-5682] Launching behavioral simulation in 'E:/Desktop/ElevatorControlSystem/ElevatorControlSystem.sim/sim_1/behav/xsim'
INFO: [SIM-utils-51] Simulation object is 'sim_1'
INFO: [SIM-utils-54] Inspecting design source files for 'run_co_tb' in fileset 'sim_1'...
INFO: [USF-XSim-97] Finding global include files...
INFO: [USF-XSim-100] Fetching design files from 'sources_1'...(this may take a while)...
INFO: [USF-XSim-101] Fetching design files from 'sim_1'...
INFO: [USF-XSim-2] XSim::Compile design
INFO: [USF-XSim-61] Executing 'COMPILE and ANALYZE' step in 'E:/Desktop/ElevatorControlSystem/ElevatorControlSystem.sim/sim_1/behav/xsim'
"xvlog --incr --relax -prj run_co_tb_vlog.prj"
INFO: [VRFC 10-2263] Analyzing Verilog file "E:/Desktop/ElevatorControlSystem/ElevatorControlSystem.srcs/sources_1/new/7seg_decoder.v" into library xil_defaultlib
INFO: [VRFC 10-311] analyzing module SevenSeg_Decoder
INFO: [VRFC 10-2263] Analyzing Verilog file "E:/Desktop/ElevatorControlSystem/ElevatorControlSystem.srcs/sources_1/new/clk_div.v" into library xil_defaultlib
INFO: [VRFC 10-311] analyzing module clk_div
INFO: [VRFC 10-2263] Analyzing Verilog file "E:/Desktop/ElevatorControlSystem/ElevatorControlSystem.srcs/sources_1/new/dynamic_display.v" into library xil_defaultlib
INFO: [VRFC 10-311] analyzing module dynamic_display
INFO: [VRFC 10-2263] Analyzing Verilog file "E:/Desktop/ElevatorControlSystem/ElevatorControlSystem.srcs/sources_1/new/refresh_state.v" into library xil_defaultlib
INFO: [VRFC 10-311] analyzing module refresh_state
INFO: [VRFC 10-2263] Analyzing Verilog file "E:/Desktop/ElevatorControlSystem/ElevatorControlSystem.srcs/sources_1/new/run.v" into library xil_defaultlib
INFO: [VRFC 10-311] analyzing module run
INFO: [VRFC 10-2263] Analyzing Verilog file "E:/Desktop/ElevatorControlSystem/ElevatorControlSystem.srcs/sources_1/new/elevator.v" into library xil_defaultlib
INFO: [VRFC 10-311] analyzing module elevator
INFO: [VRFC 10-2263] Analyzing Verilog file "E:/Desktop/ElevatorControlSystem/ElevatorControlSystem.srcs/sim_1/new/run_cdoc_tb.v" into library xil_defaultlib
INFO: [VRFC 10-311] analyzing module run_cdoc_tb
INFO: [VRFC 10-2263] Analyzing Verilog file "E:/Desktop/ElevatorControlSystem/ElevatorControlSystem.srcs/sim_1/new/run_co_tb.v" into library xil_defaultlib
INFO: [VRFC 10-311] analyzing module run_co_tb
INFO: [VRFC 10-2263] Analyzing Verilog file "E:/Desktop/ElevatorControlSystem/ElevatorControlSystem.srcs/sim_1/new/run_cuoc_tb.v" into library xil_defaultlib
INFO: [VRFC 10-311] analyzing module run_cuoc_tb
INFO: [USF-XSim-69] 'compile' step finished in '4' seconds
INFO: [USF-XSim-3] XSim::Elaborate design
INFO: [USF-XSim-61] Executing 'ELABORATE' step in 'E:/Desktop/ElevatorControlSystem/ElevatorControlSystem.sim/sim_1/behav/xsim'
Vivado Simulator 2018.1
Copyright 1986-1999, 2001-2017 Xilinx, Inc. All Rights Reserved.
Running: F:/Xilinx/Vivado/2018.1/bin/unwrapped/win64.o/xelab.exe -wto a81ed7cd808548f6b97b8fdc6ef5de07 --incr --debug typical --relax --mt 2 -L xil_defaultlib -L unisims_ver -L unimacro_ver -L secureip --snapshot run_co_tb_behav xil_defaultlib.run_co_tb xil_defaultlib.glbl -log elaborate.log 
Using 2 slave threads.
Starting static elaboration
Completed static elaboration
Starting simulation data flow analysis
Completed simulation data flow analysis
Time Resolution for simulation is 1ps
Compiling module xil_defaultlib.run
Compiling module xil_defaultlib.run_co_tb
Compiling module xil_defaultlib.glbl
Built simulation snapshot run_co_tb_behav

****** Webtalk v2018.1 (64-bit)
  **** SW Build 2188600 on Wed Apr  4 18:40:38 MDT 2018
  **** IP Build 2185939 on Wed Apr  4 20:55:05 MDT 2018
    ** Copyright 1986-2018 Xilinx, Inc. All Rights Reserved.

source E:/Desktop/ElevatorControlSystem/ElevatorControlSystem.sim/sim_1/behav/xsim/xsim.dir/run_co_tb_behav/webtalk/xsim_webtalk.tcl -notrace
INFO: [Common 17-186] 'E:/Desktop/ElevatorControlSystem/ElevatorControlSystem.sim/sim_1/behav/xsim/xsim.dir/run_co_tb_behav/webtalk/usage_statistics_ext_xsim.xml' has been successfully sent to Xilinx on Wed Sep 12 11:28:26 2018. For additional details about this file, please refer to the WebTalk help file at F:/Xilinx/Vivado/2018.1/doc/webtalk_introduction.html.
webtalk_transmit: Time (s): cpu = 00:00:00 ; elapsed = 00:00:07 . Memory (MB): peak = 54.379 ; gain = 1.445
INFO: [Common 17-206] Exiting Webtalk at Wed Sep 12 11:28:26 2018...
run_program: Time (s): cpu = 00:00:01 ; elapsed = 00:00:17 . Memory (MB): peak = 3001.500 ; gain = 0.000
INFO: [USF-XSim-69] 'elaborate' step finished in '17' seconds
INFO: [USF-XSim-4] XSim::Simulate design
INFO: [USF-XSim-61] Executing 'SIMULATE' step in 'E:/Desktop/ElevatorControlSystem/ElevatorControlSystem.sim/sim_1/behav/xsim'
INFO: [USF-XSim-98] *** Running xsim
   with args "run_co_tb_behav -key {Behavioral:sim_1:Functional:run_co_tb} -tclbatch {run_co_tb.tcl} -log {simulate.log}"
INFO: [USF-XSim-8] Loading simulator feature
Vivado Simulator 2018.1
Time resolution is 1 ps
source run_co_tb.tcl
# set curr_wave [current_wave_config]
# if { [string length $curr_wave] == 0 } {
#   if { [llength [get_objects]] > 0} {
#     add_wave /
#     set_property needs_save false [current_wave_config]
#   } else {
#      send_msg_id Add_Wave-1 WARNING "No top level signals found. Simulator will start without a wave window. If you want to open a wave window go to 'File->New Waveform Configuration' or type 'create_wave_config' in the TCL console."
#   }
# }
# run 1000ns
INFO: [USF-XSim-96] XSim completed. Design snapshot 'run_co_tb_behav' loaded.
INFO: [USF-XSim-97] XSim simulation ran for 1000ns
launch_simulation: Time (s): cpu = 00:00:08 ; elapsed = 00:00:27 . Memory (MB): peak = 3008.793 ; gain = 7.293
save_wave_config {E:/Desktop/ElevatorControlSystem/run_co_tb_behav.wcfg}
add_files -fileset sim_1 -norecurse E:/Desktop/ElevatorControlSystem/run_co_tb_behav.wcfg
set_property xsim.view E:/Desktop/ElevatorControlSystem/run_co_tb_behav.wcfg [get_filesets sim_1]
set_property top run_cuoc_tb [get_filesets sim_1]
set_property top_lib xil_defaultlib [get_filesets sim_1]
launch_simulation
INFO: [Vivado 12-5682] Launching behavioral simulation in 'E:/Desktop/ElevatorControlSystem/ElevatorControlSystem.sim/sim_1/behav/xsim'
INFO: [SIM-utils-51] Simulation object is 'sim_1'
INFO: [SIM-utils-54] Inspecting design source files for 'run_cuoc_tb' in fileset 'sim_1'...
INFO: [USF-XSim-97] Finding global include files...
INFO: [USF-XSim-100] Fetching design files from 'sources_1'...(this may take a while)...
INFO: [USF-XSim-101] Fetching design files from 'sim_1'...
INFO: [USF-XSim-2] XSim::Compile design
INFO: [USF-XSim-61] Executing 'COMPILE and ANALYZE' step in 'E:/Desktop/ElevatorControlSystem/ElevatorControlSystem.sim/sim_1/behav/xsim'
"xvlog --incr --relax -prj run_cuoc_tb_vlog.prj"
INFO: [VRFC 10-2263] Analyzing Verilog file "E:/Desktop/ElevatorControlSystem/ElevatorControlSystem.srcs/sources_1/new/7seg_decoder.v" into library xil_defaultlib
INFO: [VRFC 10-311] analyzing module SevenSeg_Decoder
INFO: [VRFC 10-2263] Analyzing Verilog file "E:/Desktop/ElevatorControlSystem/ElevatorControlSystem.srcs/sources_1/new/clk_div.v" into library xil_defaultlib
INFO: [VRFC 10-311] analyzing module clk_div
INFO: [VRFC 10-2263] Analyzing Verilog file "E:/Desktop/ElevatorControlSystem/ElevatorControlSystem.srcs/sources_1/new/dynamic_display.v" into library xil_defaultlib
INFO: [VRFC 10-311] analyzing module dynamic_display
INFO: [VRFC 10-2263] Analyzing Verilog file "E:/Desktop/ElevatorControlSystem/ElevatorControlSystem.srcs/sources_1/new/refresh_state.v" into library xil_defaultlib
INFO: [VRFC 10-311] analyzing module refresh_state
INFO: [VRFC 10-2263] Analyzing Verilog file "E:/Desktop/ElevatorControlSystem/ElevatorControlSystem.srcs/sources_1/new/run.v" into library xil_defaultlib
INFO: [VRFC 10-311] analyzing module run
INFO: [VRFC 10-2263] Analyzing Verilog file "E:/Desktop/ElevatorControlSystem/ElevatorControlSystem.srcs/sources_1/new/elevator.v" into library xil_defaultlib
INFO: [VRFC 10-311] analyzing module elevator
INFO: [VRFC 10-2263] Analyzing Verilog file "E:/Desktop/ElevatorControlSystem/ElevatorControlSystem.srcs/sim_1/new/run_cdoc_tb.v" into library xil_defaultlib
INFO: [VRFC 10-311] analyzing module run_cdoc_tb
INFO: [VRFC 10-2263] Analyzing Verilog file "E:/Desktop/ElevatorControlSystem/ElevatorControlSystem.srcs/sim_1/new/run_co_tb.v" into library xil_defaultlib
INFO: [VRFC 10-311] analyzing module run_co_tb
INFO: [VRFC 10-2263] Analyzing Verilog file "E:/Desktop/ElevatorControlSystem/ElevatorControlSystem.srcs/sim_1/new/run_cuoc_tb.v" into library xil_defaultlib
INFO: [VRFC 10-311] analyzing module run_cuoc_tb
INFO: [USF-XSim-69] 'compile' step finished in '3' seconds
INFO: [USF-XSim-3] XSim::Elaborate design
INFO: [USF-XSim-61] Executing 'ELABORATE' step in 'E:/Desktop/ElevatorControlSystem/ElevatorControlSystem.sim/sim_1/behav/xsim'
Vivado Simulator 2018.1
Copyright 1986-1999, 2001-2017 Xilinx, Inc. All Rights Reserved.
Running: F:/Xilinx/Vivado/2018.1/bin/unwrapped/win64.o/xelab.exe -wto a81ed7cd808548f6b97b8fdc6ef5de07 --incr --debug typical --relax --mt 2 -L xil_defaultlib -L unisims_ver -L unimacro_ver -L secureip --snapshot run_cuoc_tb_behav xil_defaultlib.run_cuoc_tb xil_defaultlib.glbl -log elaborate.log 
Using 2 slave threads.
Starting static elaboration
Completed static elaboration
Starting simulation data flow analysis
Completed simulation data flow analysis
Time Resolution for simulation is 1ps
Compiling module xil_defaultlib.run
Compiling module xil_defaultlib.run_cuoc_tb
Compiling module xil_defaultlib.glbl
Built simulation snapshot run_cuoc_tb_behav

****** Webtalk v2018.1 (64-bit)
  **** SW Build 2188600 on Wed Apr  4 18:40:38 MDT 2018
  **** IP Build 2185939 on Wed Apr  4 20:55:05 MDT 2018
    ** Copyright 1986-2018 Xilinx, Inc. All Rights Reserved.

source E:/Desktop/ElevatorControlSystem/ElevatorControlSystem.sim/sim_1/behav/xsim/xsim.dir/run_cuoc_tb_behav/webtalk/xsim_webtalk.tcl -notrace
INFO: [Common 17-186] 'E:/Desktop/ElevatorControlSystem/ElevatorControlSystem.sim/sim_1/behav/xsim/xsim.dir/run_cuoc_tb_behav/webtalk/usage_statistics_ext_xsim.xml' has been successfully sent to Xilinx on Wed Sep 12 11:43:44 2018. For additional details about this file, please refer to the WebTalk help file at F:/Xilinx/Vivado/2018.1/doc/webtalk_introduction.html.
webtalk_transmit: Time (s): cpu = 00:00:00 ; elapsed = 00:00:07 . Memory (MB): peak = 54.609 ; gain = 1.172
INFO: [Common 17-206] Exiting Webtalk at Wed Sep 12 11:43:44 2018...
run_program: Time (s): cpu = 00:00:01 ; elapsed = 00:00:16 . Memory (MB): peak = 3035.855 ; gain = 0.000
INFO: [USF-XSim-69] 'elaborate' step finished in '16' seconds
INFO: [USF-XSim-4] XSim::Simulate design
INFO: [USF-XSim-61] Executing 'SIMULATE' step in 'E:/Desktop/ElevatorControlSystem/ElevatorControlSystem.sim/sim_1/behav/xsim'
INFO: [USF-XSim-98] *** Running xsim
   with args "run_cuoc_tb_behav -key {Behavioral:sim_1:Functional:run_cuoc_tb} -tclbatch {run_cuoc_tb.tcl} -view {E:/Desktop/ElevatorControlSystem/run_co_tb_behav.wcfg} -log {simulate.log}"
INFO: [USF-XSim-8] Loading simulator feature
Vivado Simulator 2018.1
Time resolution is 1 ps
open_wave_config E:/Desktop/ElevatorControlSystem/run_co_tb_behav.wcfg
WARNING: Simulation object /run_co_tb/reset was not found in the design.
WARNING: Simulation object /run_co_tb/closeSignal was not found in the design.
WARNING: Simulation object /run_co_tb/openSignal was not found in the design.
WARNING: Simulation object /run_co_tb/clk1hz was not found in the design.
WARNING: Simulation object /run_co_tb/floor was not found in the design.
WARNING: Simulation object /run_co_tb/runState was not found in the design.
WARNING: Simulation object /run_co_tb/leftTime was not found in the design.
WARNING: Simulation object /run_co_tb/openLeftTime was not found in the design.
source run_cuoc_tb.tcl
# set curr_wave [current_wave_config]
# if { [string length $curr_wave] == 0 } {
#   if { [llength [get_objects]] > 0} {
#     add_wave /
#     set_property needs_save false [current_wave_config]
#   } else {
#      send_msg_id Add_Wave-1 WARNING "No top level signals found. Simulator will start without a wave window. If you want to open a wave window go to 'File->New Waveform Configuration' or type 'create_wave_config' in the TCL console."
#   }
# }
# run 1000ns
INFO: [USF-XSim-96] XSim completed. Design snapshot 'run_cuoc_tb_behav' loaded.
INFO: [USF-XSim-97] XSim simulation ran for 1000ns
launch_simulation: Time (s): cpu = 00:00:10 ; elapsed = 00:00:25 . Memory (MB): peak = 3044.273 ; gain = 8.418
close_sim
INFO: [Simtcl 6-16] Simulation closed
close_sim: Time (s): cpu = 00:00:07 ; elapsed = 00:00:18 . Memory (MB): peak = 3044.273 ; gain = 0.000
current_sim simulation_6
current_sim: Time (s): cpu = 00:00:07 ; elapsed = 00:00:06 . Memory (MB): peak = 3044.273 ; gain = 0.000
close_sim
INFO: [Simtcl 6-16] Simulation closed
close_sim: Time (s): cpu = 00:00:07 ; elapsed = 00:00:19 . Memory (MB): peak = 3044.273 ; gain = 0.000
close_sim
INFO: [Simtcl 6-16] Simulation closed
close_sim: Time (s): cpu = 00:00:01 ; elapsed = 00:00:13 . Memory (MB): peak = 3044.273 ; gain = 0.000
export_ip_user_files -of_objects  [get_files E:/Desktop/ElevatorControlSystem/run_co_tb_behav.wcfg] -no_script -reset -force -quiet
remove_files  -fileset sim_1 E:/Desktop/ElevatorControlSystem/run_co_tb_behav.wcfg
launch_simulation
INFO: [Vivado 12-5682] Launching behavioral simulation in 'E:/Desktop/ElevatorControlSystem/ElevatorControlSystem.sim/sim_1/behav/xsim'
INFO: [SIM-utils-51] Simulation object is 'sim_1'
INFO: [SIM-utils-54] Inspecting design source files for 'run_cuoc_tb' in fileset 'sim_1'...
INFO: [USF-XSim-97] Finding global include files...
INFO: [USF-XSim-100] Fetching design files from 'sources_1'...(this may take a while)...
INFO: [USF-XSim-101] Fetching design files from 'sim_1'...
INFO: [USF-XSim-2] XSim::Compile design
INFO: [USF-XSim-61] Executing 'COMPILE and ANALYZE' step in 'E:/Desktop/ElevatorControlSystem/ElevatorControlSystem.sim/sim_1/behav/xsim'
"xvlog --incr --relax -prj run_cuoc_tb_vlog.prj"
INFO: [VRFC 10-2263] Analyzing Verilog file "E:/Desktop/ElevatorControlSystem/ElevatorControlSystem.srcs/sources_1/new/7seg_decoder.v" into library xil_defaultlib
INFO: [VRFC 10-311] analyzing module SevenSeg_Decoder
INFO: [VRFC 10-2263] Analyzing Verilog file "E:/Desktop/ElevatorControlSystem/ElevatorControlSystem.srcs/sources_1/new/clk_div.v" into library xil_defaultlib
INFO: [VRFC 10-311] analyzing module clk_div
INFO: [VRFC 10-2263] Analyzing Verilog file "E:/Desktop/ElevatorControlSystem/ElevatorControlSystem.srcs/sources_1/new/dynamic_display.v" into library xil_defaultlib
INFO: [VRFC 10-311] analyzing module dynamic_display
INFO: [VRFC 10-2263] Analyzing Verilog file "E:/Desktop/ElevatorControlSystem/ElevatorControlSystem.srcs/sources_1/new/refresh_state.v" into library xil_defaultlib
INFO: [VRFC 10-311] analyzing module refresh_state
INFO: [VRFC 10-2263] Analyzing Verilog file "E:/Desktop/ElevatorControlSystem/ElevatorControlSystem.srcs/sources_1/new/run.v" into library xil_defaultlib
INFO: [VRFC 10-311] analyzing module run
INFO: [VRFC 10-2263] Analyzing Verilog file "E:/Desktop/ElevatorControlSystem/ElevatorControlSystem.srcs/sources_1/new/elevator.v" into library xil_defaultlib
INFO: [VRFC 10-311] analyzing module elevator
INFO: [VRFC 10-2263] Analyzing Verilog file "E:/Desktop/ElevatorControlSystem/ElevatorControlSystem.srcs/sim_1/new/run_cdoc_tb.v" into library xil_defaultlib
INFO: [VRFC 10-311] analyzing module run_cdoc_tb
INFO: [VRFC 10-2263] Analyzing Verilog file "E:/Desktop/ElevatorControlSystem/ElevatorControlSystem.srcs/sim_1/new/run_co_tb.v" into library xil_defaultlib
INFO: [VRFC 10-311] analyzing module run_co_tb
INFO: [VRFC 10-2263] Analyzing Verilog file "E:/Desktop/ElevatorControlSystem/ElevatorControlSystem.srcs/sim_1/new/run_cuoc_tb.v" into library xil_defaultlib
INFO: [VRFC 10-311] analyzing module run_cuoc_tb
INFO: [USF-XSim-69] 'compile' step finished in '4' seconds
INFO: [USF-XSim-3] XSim::Elaborate design
INFO: [USF-XSim-61] Executing 'ELABORATE' step in 'E:/Desktop/ElevatorControlSystem/ElevatorControlSystem.sim/sim_1/behav/xsim'
Vivado Simulator 2018.1
Copyright 1986-1999, 2001-2017 Xilinx, Inc. All Rights Reserved.
Running: F:/Xilinx/Vivado/2018.1/bin/unwrapped/win64.o/xelab.exe -wto a81ed7cd808548f6b97b8fdc6ef5de07 --incr --debug typical --relax --mt 2 -L xil_defaultlib -L unisims_ver -L unimacro_ver -L secureip --snapshot run_cuoc_tb_behav xil_defaultlib.run_cuoc_tb xil_defaultlib.glbl -log elaborate.log 
Using 2 slave threads.
Starting static elaboration
Completed static elaboration
Starting simulation data flow analysis
Completed simulation data flow analysis
Time Resolution for simulation is 1ps
Compiling module xil_defaultlib.run
Compiling module xil_defaultlib.run_cuoc_tb
Compiling module xil_defaultlib.glbl
Built simulation snapshot run_cuoc_tb_behav
INFO: [USF-XSim-69] 'elaborate' step finished in '5' seconds
INFO: [USF-XSim-4] XSim::Simulate design
INFO: [USF-XSim-61] Executing 'SIMULATE' step in 'E:/Desktop/ElevatorControlSystem/ElevatorControlSystem.sim/sim_1/behav/xsim'
INFO: [USF-XSim-98] *** Running xsim
   with args "run_cuoc_tb_behav -key {Behavioral:sim_1:Functional:run_cuoc_tb} -tclbatch {run_cuoc_tb.tcl} -log {simulate.log}"
INFO: [USF-XSim-8] Loading simulator feature
Vivado Simulator 2018.1
Time resolution is 1 ps
source run_cuoc_tb.tcl
# set curr_wave [current_wave_config]
# if { [string length $curr_wave] == 0 } {
#   if { [llength [get_objects]] > 0} {
#     add_wave /
#     set_property needs_save false [current_wave_config]
#   } else {
#      send_msg_id Add_Wave-1 WARNING "No top level signals found. Simulator will start without a wave window. If you want to open a wave window go to 'File->New Waveform Configuration' or type 'create_wave_config' in the TCL console."
#   }
# }
# run 1000ns
INFO: [USF-XSim-96] XSim completed. Design snapshot 'run_cuoc_tb_behav' loaded.
INFO: [USF-XSim-97] XSim simulation ran for 1000ns
launch_simulation: Time (s): cpu = 00:00:06 ; elapsed = 00:00:14 . Memory (MB): peak = 3044.273 ; gain = 0.000
close_sim
INFO: [Simtcl 6-16] Simulation closed
launch_simulation
INFO: [Vivado 12-5682] Launching behavioral simulation in 'E:/Desktop/ElevatorControlSystem/ElevatorControlSystem.sim/sim_1/behav/xsim'
INFO: [SIM-utils-51] Simulation object is 'sim_1'
INFO: [SIM-utils-54] Inspecting design source files for 'run_cuoc_tb' in fileset 'sim_1'...
INFO: [USF-XSim-97] Finding global include files...
INFO: [USF-XSim-100] Fetching design files from 'sources_1'...(this may take a while)...
INFO: [USF-XSim-101] Fetching design files from 'sim_1'...
INFO: [USF-XSim-2] XSim::Compile design
INFO: [USF-XSim-61] Executing 'COMPILE and ANALYZE' step in 'E:/Desktop/ElevatorControlSystem/ElevatorControlSystem.sim/sim_1/behav/xsim'
"xvlog --incr --relax -prj run_cuoc_tb_vlog.prj"
INFO: [VRFC 10-2263] Analyzing Verilog file "E:/Desktop/ElevatorControlSystem/ElevatorControlSystem.srcs/sources_1/new/7seg_decoder.v" into library xil_defaultlib
INFO: [VRFC 10-311] analyzing module SevenSeg_Decoder
INFO: [VRFC 10-2263] Analyzing Verilog file "E:/Desktop/ElevatorControlSystem/ElevatorControlSystem.srcs/sources_1/new/clk_div.v" into library xil_defaultlib
INFO: [VRFC 10-311] analyzing module clk_div
INFO: [VRFC 10-2263] Analyzing Verilog file "E:/Desktop/ElevatorControlSystem/ElevatorControlSystem.srcs/sources_1/new/dynamic_display.v" into library xil_defaultlib
INFO: [VRFC 10-311] analyzing module dynamic_display
INFO: [VRFC 10-2263] Analyzing Verilog file "E:/Desktop/ElevatorControlSystem/ElevatorControlSystem.srcs/sources_1/new/refresh_state.v" into library xil_defaultlib
INFO: [VRFC 10-311] analyzing module refresh_state
INFO: [VRFC 10-2263] Analyzing Verilog file "E:/Desktop/ElevatorControlSystem/ElevatorControlSystem.srcs/sources_1/new/run.v" into library xil_defaultlib
INFO: [VRFC 10-311] analyzing module run
INFO: [VRFC 10-2263] Analyzing Verilog file "E:/Desktop/ElevatorControlSystem/ElevatorControlSystem.srcs/sources_1/new/elevator.v" into library xil_defaultlib
INFO: [VRFC 10-311] analyzing module elevator
INFO: [VRFC 10-2263] Analyzing Verilog file "E:/Desktop/ElevatorControlSystem/ElevatorControlSystem.srcs/sim_1/new/run_cdoc_tb.v" into library xil_defaultlib
INFO: [VRFC 10-311] analyzing module run_cdoc_tb
INFO: [VRFC 10-2263] Analyzing Verilog file "E:/Desktop/ElevatorControlSystem/ElevatorControlSystem.srcs/sim_1/new/run_co_tb.v" into library xil_defaultlib
INFO: [VRFC 10-311] analyzing module run_co_tb
INFO: [VRFC 10-2263] Analyzing Verilog file "E:/Desktop/ElevatorControlSystem/ElevatorControlSystem.srcs/sim_1/new/run_cuoc_tb.v" into library xil_defaultlib
INFO: [VRFC 10-311] analyzing module run_cuoc_tb
INFO: [USF-XSim-69] 'compile' step finished in '5' seconds
INFO: [USF-XSim-3] XSim::Elaborate design
INFO: [USF-XSim-61] Executing 'ELABORATE' step in 'E:/Desktop/ElevatorControlSystem/ElevatorControlSystem.sim/sim_1/behav/xsim'
Vivado Simulator 2018.1
Copyright 1986-1999, 2001-2017 Xilinx, Inc. All Rights Reserved.
Running: F:/Xilinx/Vivado/2018.1/bin/unwrapped/win64.o/xelab.exe -wto a81ed7cd808548f6b97b8fdc6ef5de07 --incr --debug typical --relax --mt 2 -L xil_defaultlib -L unisims_ver -L unimacro_ver -L secureip --snapshot run_cuoc_tb_behav xil_defaultlib.run_cuoc_tb xil_defaultlib.glbl -log elaborate.log 
Using 2 slave threads.
Starting static elaboration
Completed static elaboration
Starting simulation data flow analysis
Completed simulation data flow analysis
Time Resolution for simulation is 1ps
Compiling module xil_defaultlib.run
Compiling module xil_defaultlib.run_cuoc_tb
Compiling module xil_defaultlib.glbl
Built simulation snapshot run_cuoc_tb_behav
run_program: Time (s): cpu = 00:00:01 ; elapsed = 00:00:09 . Memory (MB): peak = 3044.273 ; gain = 0.000
INFO: [USF-XSim-69] 'elaborate' step finished in '8' seconds
INFO: [USF-XSim-4] XSim::Simulate design
INFO: [USF-XSim-61] Executing 'SIMULATE' step in 'E:/Desktop/ElevatorControlSystem/ElevatorControlSystem.sim/sim_1/behav/xsim'
INFO: [USF-XSim-98] *** Running xsim
   with args "run_cuoc_tb_behav -key {Behavioral:sim_1:Functional:run_cuoc_tb} -tclbatch {run_cuoc_tb.tcl} -log {simulate.log}"
INFO: [USF-XSim-8] Loading simulator feature
Vivado Simulator 2018.1
Time resolution is 1 ps
source run_cuoc_tb.tcl
# set curr_wave [current_wave_config]
# if { [string length $curr_wave] == 0 } {
#   if { [llength [get_objects]] > 0} {
#     add_wave /
#     set_property needs_save false [current_wave_config]
#   } else {
#      send_msg_id Add_Wave-1 WARNING "No top level signals found. Simulator will start without a wave window. If you want to open a wave window go to 'File->New Waveform Configuration' or type 'create_wave_config' in the TCL console."
#   }
# }
# run 1000ns
INFO: [USF-XSim-96] XSim completed. Design snapshot 'run_cuoc_tb_behav' loaded.
INFO: [USF-XSim-97] XSim simulation ran for 1000ns
launch_simulation: Time (s): cpu = 00:00:08 ; elapsed = 00:00:19 . Memory (MB): peak = 3044.273 ; gain = 0.000
run 200 ns
set_property top run_cdoc_tb [get_filesets sim_1]
set_property top_lib xil_defaultlib [get_filesets sim_1]
ERROR: [Project 1-202] Error writing the XML file 'E:/Desktop/ElevatorControlSystem/ElevatorControlSystem.xpr'
launch_simulation
INFO: [Vivado 12-5682] Launching behavioral simulation in 'E:/Desktop/ElevatorControlSystem/ElevatorControlSystem.sim/sim_1/behav/xsim'
INFO: [SIM-utils-51] Simulation object is 'sim_1'
INFO: [SIM-utils-54] Inspecting design source files for 'run_cdoc_tb' in fileset 'sim_1'...
INFO: [USF-XSim-97] Finding global include files...
INFO: [USF-XSim-100] Fetching design files from 'sources_1'...(this may take a while)...
INFO: [USF-XSim-101] Fetching design files from 'sim_1'...
INFO: [USF-XSim-2] XSim::Compile design
INFO: [USF-XSim-61] Executing 'COMPILE and ANALYZE' step in 'E:/Desktop/ElevatorControlSystem/ElevatorControlSystem.sim/sim_1/behav/xsim'
"xvlog --incr --relax -prj run_cdoc_tb_vlog.prj"
INFO: [USF-XSim-69] 'compile' step finished in '3' seconds
INFO: [USF-XSim-3] XSim::Elaborate design
INFO: [USF-XSim-61] Executing 'ELABORATE' step in 'E:/Desktop/ElevatorControlSystem/ElevatorControlSystem.sim/sim_1/behav/xsim'
Vivado Simulator 2018.1
Copyright 1986-1999, 2001-2017 Xilinx, Inc. All Rights Reserved.
Running: F:/Xilinx/Vivado/2018.1/bin/unwrapped/win64.o/xelab.exe -wto a81ed7cd808548f6b97b8fdc6ef5de07 --incr --debug typical --relax --mt 2 -L xil_defaultlib -L unisims_ver -L unimacro_ver -L secureip --snapshot run_cdoc_tb_behav xil_defaultlib.run_cdoc_tb xil_defaultlib.glbl -log elaborate.log 
Using 2 slave threads.
Starting static elaboration
Completed static elaboration
Starting simulation data flow analysis
Completed simulation data flow analysis
Time Resolution for simulation is 1ps
Compiling module xil_defaultlib.run
Compiling module xil_defaultlib.run_cdoc_tb
Compiling module xil_defaultlib.glbl
Built simulation snapshot run_cdoc_tb_behav

****** Webtalk v2018.1 (64-bit)
  **** SW Build 2188600 on Wed Apr  4 18:40:38 MDT 2018
  **** IP Build 2185939 on Wed Apr  4 20:55:05 MDT 2018
    ** Copyright 1986-2018 Xilinx, Inc. All Rights Reserved.

source E:/Desktop/ElevatorControlSystem/ElevatorControlSystem.sim/sim_1/behav/xsim/xsim.dir/run_cdoc_tb_behav/webtalk/xsim_webtalk.tcl -notrace
webtalk_transmit: Time (s): cpu = 00:00:00 ; elapsed = 00:00:07 . Memory (MB): peak = 54.488 ; gain = 0.988
INFO: [Common 17-206] Exiting Webtalk at Wed Sep 12 14:40:16 2018...
run_program: Time (s): cpu = 00:00:01 ; elapsed = 00:00:17 . Memory (MB): peak = 3044.273 ; gain = 0.000
INFO: [USF-XSim-69] 'elaborate' step finished in '17' seconds
INFO: [USF-XSim-4] XSim::Simulate design
INFO: [USF-XSim-61] Executing 'SIMULATE' step in 'E:/Desktop/ElevatorControlSystem/ElevatorControlSystem.sim/sim_1/behav/xsim'
INFO: [USF-XSim-98] *** Running xsim
   with args "run_cdoc_tb_behav -key {Behavioral:sim_1:Functional:run_cdoc_tb} -tclbatch {run_cdoc_tb.tcl} -log {simulate.log}"
INFO: [USF-XSim-8] Loading simulator feature
Vivado Simulator 2018.1
Time resolution is 1 ps
source run_cdoc_tb.tcl
# set curr_wave [current_wave_config]
# if { [string length $curr_wave] == 0 } {
#   if { [llength [get_objects]] > 0} {
#     add_wave /
#     set_property needs_save false [current_wave_config]
#   } else {
#      send_msg_id Add_Wave-1 WARNING "No top level signals found. Simulator will start without a wave window. If you want to open a wave window go to 'File->New Waveform Configuration' or type 'create_wave_config' in the TCL console."
#   }
# }
# run 1000ns
INFO: [USF-XSim-96] XSim completed. Design snapshot 'run_cdoc_tb_behav' loaded.
INFO: [USF-XSim-97] XSim simulation ran for 1000ns
launch_simulation: Time (s): cpu = 00:00:08 ; elapsed = 00:00:26 . Memory (MB): peak = 3044.273 ; gain = 0.000
run 200 ns
run 200 ns
run 200 ns
run 200 ns
run 200 ns
run 200 ns
run 200 ns
run 200 ns
run 200 ns
reset_run synth_1
WARNING: [Vivado 12-1017] Problems encountered:
1. Failed to delete one or more files in run directory E:/Desktop/ElevatorControlSystem/ElevatorControlSystem.runs/synth_1

launch_runs synth_1 -jobs 2
[Wed Sep 12 15:07:24 2018] Launched synth_1...
Run output will be captured here: E:/Desktop/ElevatorControlSystem/ElevatorControlSystem.runs/synth_1/runme.log
launch_runs impl_1 -jobs 2
WARNING: [Project 1-478] Design 'synth_1' is stale and will not be used when launching 'impl_1'
[Wed Sep 12 15:10:16 2018] Launched impl_1...
Run output will be captured here: E:/Desktop/ElevatorControlSystem/ElevatorControlSystem.runs/impl_1/runme.log
launch_runs impl_1 -to_step write_bitstream -jobs 2
[Wed Sep 12 15:14:32 2018] Launched impl_1...
Run output will be captured here: E:/Desktop/ElevatorControlSystem/ElevatorControlSystem.runs/impl_1/runme.log
open_hw
connect_hw_server
INFO: [Labtools 27-2285] Connecting to hw_server url TCP:localhost:3121
INFO: [Labtools 27-2222] Launching hw_server...
INFO: [Labtools 27-2221] Launch Output:

****** Xilinx hw_server v2018.1
  **** Build date : Apr  4 2018-19:32:53
    ** Copyright 1986-2018 Xilinx, Inc. All Rights Reserved.


connect_hw_server: Time (s): cpu = 00:00:01 ; elapsed = 00:00:07 . Memory (MB): peak = 3044.273 ; gain = 0.000
open_hw_target
INFO: [Labtoolstcl 44-466] Opening hw_target localhost:3121/xilinx_tcf/Digilent/210274533711A
set_property PROGRAM.FILE {E:/Desktop/ElevatorControlSystem/ElevatorControlSystem.runs/impl_1/elevator.bit} [get_hw_devices xc7a100t_0]
current_hw_device [get_hw_devices xc7a100t_0]
refresh_hw_device -update_hw_probes false [lindex [get_hw_devices xc7a100t_0] 0]
INFO: [Labtools 27-1434] Device xc7a100t (JTAG device index = 0) is programmed with a design that has no supported debug core(s) in it.
WARNING: [Labtools 27-3361] The debug hub core was not detected.
Resolution: 
1. Make sure the clock connected to the debug hub (dbg_hub) core is a free running clock and is active.
2. Make sure the BSCAN_SWITCH_USER_MASK device property in Vivado Hardware Manager reflects the user scan chain setting in the design and refresh the device.  To determine the user scan chain setting in the design, open the implemented design and use 'get_property C_USER_SCAN_CHAIN [get_debug_cores dbg_hub]'.
For more details on setting the scan chain property, consult the Vivado Debug and Programming User Guide (UG908).
set_property PROBES.FILE {} [get_hw_devices xc7a100t_0]
set_property FULL_PROBES.FILE {} [get_hw_devices xc7a100t_0]
set_property PROGRAM.FILE {E:/Desktop/ElevatorControlSystem/ElevatorControlSystem.runs/impl_1/elevator.bit} [get_hw_devices xc7a100t_0]
program_hw_devices [get_hw_devices xc7a100t_0]
INFO: [Labtools 27-3164] End of startup status: HIGH
refresh_hw_device [lindex [get_hw_devices xc7a100t_0] 0]
INFO: [Labtools 27-1434] Device xc7a100t (JTAG device index = 0) is programmed with a design that has no supported debug core(s) in it.
WARNING: [Labtools 27-3361] The debug hub core was not detected.
Resolution: 
1. Make sure the clock connected to the debug hub (dbg_hub) core is a free running clock and is active.
2. Make sure the BSCAN_SWITCH_USER_MASK device property in Vivado Hardware Manager reflects the user scan chain setting in the design and refresh the device.  To determine the user scan chain setting in the design, open the implemented design and use 'get_property C_USER_SCAN_CHAIN [get_debug_cores dbg_hub]'.
For more details on setting the scan chain property, consult the Vivado Debug and Programming User Guide (UG908).
close_hw
close_hw: Time (s): cpu = 00:00:08 ; elapsed = 00:00:09 . Memory (MB): peak = 3052.734 ; gain = 0.004
set_property SOURCE_SET sources_1 [get_filesets sim_1]
close [ open E:/Desktop/ElevatorControlSystem/ElevatorControlSystem.srcs/sim_1/new/show_tb.v w ]
add_files -fileset sim_1 E:/Desktop/ElevatorControlSystem/ElevatorControlSystem.srcs/sim_1/new/show_tb.v
close_sim
INFO: [Simtcl 6-16] Simulation closed
close_sim
INFO: [Simtcl 6-16] Simulation closed
exit
INFO: [Common 17-206] Exiting Vivado at Wed Sep 12 15:30:16 2018...
