INFO: [VRFC 10-2263] Analyzing Verilog file "E:/Desktop/ElevatorControlSystem/ElevatorControlSystem.srcs/sources_1/new/7seg_decoder.v" into library xil_defaultlib
INFO: [VRFC 10-311] analyzing module SevenSeg_Decoder
INFO: [VRFC 10-2263] Analyzing Verilog file "E:/Desktop/ElevatorControlSystem/ElevatorControlSystem.srcs/sources_1/new/clk_div.v" into library xil_defaultlib
INFO: [VRFC 10-311] analyzing module clk_div
INFO: [VRFC 10-2263] Analyzing Verilog file "E:/Desktop/ElevatorControlSystem/ElevatorControlSystem.srcs/sources_1/new/dynamic_display.v" into library xil_defaultlib
INFO: [VRFC 10-311] analyzing module dynamic_display
INFO: [VRFC 10-2263] Analyzing Verilog file "E:/Desktop/ElevatorControlSystem/ElevatorControlSystem.srcs/sources_1/new/refresh_state.v" into library xil_defaultlib
INFO: [VRFC 10-311] analyzing module refresh_state
INFO: [VRFC 10-2263] Analyzing Verilog file "E:/Desktop/ElevatorControlSystem/ElevatorControlSystem.srcs/sources_1/new/run.v" into library xil_defaultlib
INFO: [VRFC 10-311] analyzing module run
INFO: [VRFC 10-2263] Analyzing Verilog file "E:/Desktop/ElevatorControlSystem/ElevatorControlSystem.srcs/sources_1/new/elevator.v" into library xil_defaultlib
INFO: [VRFC 10-311] analyzing module elevator
INFO: [VRFC 10-2263] Analyzing Verilog file "E:/Desktop/ElevatorControlSystem/ElevatorControlSystem.srcs/sim_1/new/run_cdoc_tb.v" into library xil_defaultlib
INFO: [VRFC 10-311] analyzing module run_cdoc_tb
INFO: [VRFC 10-2263] Analyzing Verilog file "E:/Desktop/ElevatorControlSystem/ElevatorControlSystem.srcs/sim_1/new/run_co_tb.v" into library xil_defaultlib
INFO: [VRFC 10-311] analyzing module run_co_tb
INFO: [VRFC 10-2263] Analyzing Verilog file "E:/Desktop/ElevatorControlSystem/ElevatorControlSystem.srcs/sim_1/new/run_cuoc_tb.v" into library xil_defaultlib
INFO: [VRFC 10-311] analyzing module run_cuoc_tb
INFO: [VRFC 10-2263] Analyzing Verilog file "E:/Desktop/ElevatorControlSystem/ElevatorControlSystem.srcs/sim_1/new/show_tb.v" into library xil_defaultlib
INFO: [VRFC 10-311] analyzing module show_tb
